#
# A fatal error has been detected by the Java Runtime Environment:
#
#  EXCEPTION_ACCESS_VIOLATION (0xc0000005) at pc=0x000000005fd34d37, pid=31136, tid=0x0000000000005b10
#
# JRE version: Java(TM) SE Runtime Environment (8.0_191-b12) (build 1.8.0_191-b12)
# Java VM: Java HotSpot(TM) 64-Bit Server VM (25.191-b12 mixed mode windows-amd64 compressed oops)
# Problematic frame:
# V  [jvm.dll+0x214d37]
#
# Failed to write core dump. Minidumps are not enabled by default on client versions of Windows
#
# If you would like to submit a bug report, please visit:
#   http://bugreport.java.com/bugreport/crash.jsp
#

---------------  T H R E A D  ---------------

Current thread (0x000000001b038000):  JavaThread "scala-execution-context-global-51" daemon [_thread_in_vm, id=23312, stack(0x00000000262a0000,0x00000000263a0000)]

siginfo: ExceptionCode=0xc0000005, writing address 0x000000002639a8c0

Registers:
RAX=0x000000002639a8c0, RBX=0x0000000000000006, RCX=0x0000000000005000, RDX=0x0000000000000006
RSP=0x000000002639f8c0, RBP=0x0000000000000000, RSI=0x000000002639f8c0, RDI=0x0000000000000006
R8 =0x0000000000000006, R9 =0x000000001e1cb7c0, R10=0x00000000248687c0, R11=0x00000000262aa190
R12=0x000000001e1cb7c0, R13=0x000000001b038000, R14=0x000000002639f988, R15=0x00000000248687c0
RIP=0x000000005fd34d37, EFLAGS=0x0000000000010206

Top of Stack: (sp=0x000000002639f8c0)
0x000000002639f8c0:   00007ffa193568a1 0000000100006bd0
0x000000002639f8d0:   000000001b038000 000000001e1cb7c0
0x000000002639f8e0:   00000000ffffffff 000000005fd35c67
0x000000002639f8f0:   000000002639f9f0 00000000248687c0
0x000000002639f900:   000000001b038000 000000005fbe1213
0x000000002639f910:   000000002639f950 000000001b038000
0x000000002639f920:   000000002639f9e0 000000001b038000
0x000000002639f930:   00000000248687c0 000000001b038000
0x000000002639f940:   00000000031a3be0 000000001b038000
0x000000002639f950:   00000000248687c0 000000001b038000
0x000000002639f960:   000000001678e1d8 000000001b038000
0x000000002639f970:   0000000000000001 00000000248687c0
0x000000002639f980:   000000001b038000 0000000022040890
0x000000002639f990:   000000001b038000 000000005fbe297d
0x000000002639f9a0:   000000002639fca8 0000000100006bd0
0x000000002639f9b0:   000000010091e348 0000000000000000 

Instructions: (pc=0x000000005fd34d37)
0x000000005fd34d17:   48 89 6c 24 30 33 ed 66 90 e8 1b 4e 08 00 ff c3
0x000000005fd34d27:   48 63 c8 48 8b c6 48 0f af cf 48 ff c7 48 2b c1
0x000000005fd34d37:   89 28 48 63 c3 48 3b 05 65 8b 59 00 7e db 48 8b
0x000000005fd34d47:   6c 24 30 48 8b 5c 24 38 48 8b 74 24 40 48 83 c4 


Register to memory mapping:

RAX=0x000000002639a8c0 is pointing into the stack for thread: 0x000000001b038000
RBX=0x0000000000000006 is an unknown value
RCX=0x0000000000005000 is an unknown value
RDX=0x0000000000000006 is an unknown value
RSP=0x000000002639f8c0 is pointing into the stack for thread: 0x000000001b038000
RBP=0x0000000000000000 is an unknown value
RSI=0x000000002639f8c0 is pointing into the stack for thread: 0x000000001b038000
RDI=0x0000000000000006 is an unknown value
R8 =0x0000000000000006 is an unknown value
R9 =0x000000001e1cb7c0 is an unknown value
R10={method} {0x00000000248687c8} 'run' '()V' in 'java/util/concurrent/ForkJoinWorkerThread'
R11=0x00000000262aa190 is pointing into the stack for thread: 0x000000001b038000
R12=0x000000001e1cb7c0 is an unknown value
R13=0x000000001b038000 is a thread
R14=0x000000002639f988 is pointing into the stack for thread: 0x000000001b038000
R15={method} {0x00000000248687c8} 'run' '()V' in 'java/util/concurrent/ForkJoinWorkerThread'


Stack: [0x00000000262a0000,0x00000000263a0000],  sp=0x000000002639f8c0,  free space=1022k
Native frames: (J=compiled Java code, j=interpreted, Vv=VM code, C=native code)


---------------  P R O C E S S  ---------------

Java Threads: ( => current thread )
  0x000000001b031000 JavaThread "scala-execution-context-global-52" daemon [_thread_blocked, id=29448, stack(0x00000000264a0000,0x00000000265a0000)]
=>0x000000001b038000 JavaThread "scala-execution-context-global-51" daemon [_thread_in_vm, id=23312, stack(0x00000000262a0000,0x00000000263a0000)]
  0x000000001b033800 JavaThread "scala-execution-context-global-50" daemon [_thread_in_vm, id=32692, stack(0x00000000261a0000,0x00000000262a0000)]
  0x000000001b037000 JavaThread "scala-execution-context-global-47" daemon [_thread_blocked, id=12620, stack(0x00000000260a0000,0x00000000261a0000)]
  0x000000001b032000 JavaThread "scala-execution-context-global-49" daemon [_thread_blocked, id=29424, stack(0x0000000025fa0000,0x00000000260a0000)]
  0x000000001b032800 JavaThread "scala-execution-context-global-48" daemon [_thread_blocked, id=29560, stack(0x0000000025ea0000,0x0000000025fa0000)]
  0x000000001fd77000 JavaThread "scala-execution-context-global-46" daemon [_thread_blocked, id=28836, stack(0x0000000025da0000,0x0000000025ea0000)]
  0x000000001fd76800 JavaThread "scala-execution-context-global-45" daemon [_thread_blocked, id=28092, stack(0x0000000025ca0000,0x0000000025da0000)]
  0x000000001fd75000 JavaThread "scala-execution-context-global-44" daemon [_thread_blocked, id=25972, stack(0x0000000025ba0000,0x0000000025ca0000)]
  0x000000001fd74000 JavaThread "scala-execution-context-global-43" daemon [_thread_blocked, id=17848, stack(0x0000000025aa0000,0x0000000025ba0000)]
  0x000000001fd78000 JavaThread "scala-execution-context-global-42" daemon [_thread_blocked, id=10316, stack(0x00000000259a0000,0x0000000025aa0000)]
  0x000000001fd78800 JavaThread "scala-execution-context-global-41" daemon [_thread_blocked, id=25204, stack(0x00000000258a0000,0x00000000259a0000)]
  0x000000001fd79800 JavaThread "pool-3-thread-13" [_thread_blocked, id=28020, stack(0x00000000255a0000,0x00000000256a0000)]
  0x000000001fd75800 JavaThread "pool-3-thread-12" [_thread_blocked, id=20404, stack(0x00000000254a0000,0x00000000255a0000)]
  0x000000001fd72800 JavaThread "pool-3-thread-11" [_thread_blocked, id=7008, stack(0x00000000253a0000,0x00000000254a0000)]
  0x000000001c283000 JavaThread "pool-3-thread-10" [_thread_blocked, id=17928, stack(0x00000000252a0000,0x00000000253a0000)]
  0x000000001c280000 JavaThread "pool-3-thread-9" [_thread_blocked, id=32028, stack(0x00000000251a0000,0x00000000252a0000)]
  0x000000001c282800 JavaThread "pool-3-thread-8" [_thread_blocked, id=31228, stack(0x00000000250a0000,0x00000000251a0000)]
  0x000000001c287000 JavaThread "pool-3-thread-7" [_thread_blocked, id=16216, stack(0x0000000024fa0000,0x00000000250a0000)]
  0x000000001c281000 JavaThread "pool-3-thread-6" [_thread_blocked, id=12672, stack(0x0000000024ea0000,0x0000000024fa0000)]
  0x000000001c286000 JavaThread "pool-3-thread-5" [_thread_blocked, id=31120, stack(0x0000000024da0000,0x0000000024ea0000)]
  0x000000001c285800 JavaThread "pool-3-thread-4" [_thread_blocked, id=29480, stack(0x0000000024ca0000,0x0000000024da0000)]
  0x000000001c284000 JavaThread "pool-3-thread-3" [_thread_blocked, id=1224, stack(0x0000000024ba0000,0x0000000024ca0000)]
  0x000000001c281800 JavaThread "pool-3-thread-2" [_thread_blocked, id=32060, stack(0x0000000024aa0000,0x0000000024ba0000)]
  0x000000001c284800 JavaThread "pool-3-thread-1" [_thread_blocked, id=25116, stack(0x00000000249a0000,0x0000000024aa0000)]
  0x000000001c62e800 JavaThread "Log4j2-TF-1-AsyncLogger[AsyncContext@5702b3b1]-1" daemon [_thread_blocked, id=13552, stack(0x000000001d660000,0x000000001d760000)]
  0x00000000188a2000 JavaThread "Service Thread" daemon [_thread_blocked, id=3520, stack(0x000000001a1f0000,0x000000001a2f0000)]
  0x0000000018894800 JavaThread "C1 CompilerThread3" daemon [_thread_blocked, id=20432, stack(0x000000001a0f0000,0x000000001a1f0000)]
  0x0000000018893000 JavaThread "C2 CompilerThread2" daemon [_thread_blocked, id=21484, stack(0x0000000019ff0000,0x000000001a0f0000)]
  0x000000001715e800 JavaThread "C2 CompilerThread1" daemon [_thread_blocked, id=30200, stack(0x0000000019ef0000,0x0000000019ff0000)]
  0x0000000018836000 JavaThread "C2 CompilerThread0" daemon [_thread_blocked, id=31064, stack(0x0000000019df0000,0x0000000019ef0000)]
  0x0000000018833000 JavaThread "Attach Listener" daemon [_thread_blocked, id=31912, stack(0x0000000019cf0000,0x0000000019df0000)]
  0x000000001888a000 JavaThread "Signal Dispatcher" daemon [_thread_blocked, id=19472, stack(0x0000000019bf0000,0x0000000019cf0000)]
  0x000000000318a000 JavaThread "Finalizer" daemon [_thread_blocked, id=28632, stack(0x0000000019a90000,0x0000000019b90000)]
  0x000000001714d800 JavaThread "Reference Handler" daemon [_thread_blocked, id=32652, stack(0x0000000019990000,0x0000000019a90000)]
  0x000000000137e000 JavaThread "main" [_thread_blocked, id=14356, stack(0x0000000002f90000,0x0000000003090000)]

Other Threads:
  0x0000000017145800 VMThread [stack: 0x0000000019890000,0x0000000019990000] [id=30236]
  0x00000000188a4000 WatcherThread [stack: 0x000000001a2f0000,0x000000001a3f0000] [id=29716]

VM state:synchronizing (normal execution)

VM Mutex/Monitor currently owned by a thread:  ([mutex/lock_event])
[0x000000000137cd70] Threads_lock - owner thread: 0x0000000017145800

Heap:
 PSYoungGen      total 97792K, used 10449K [0x00000000e0000000, 0x00000000e7f80000, 0x0000000100000000)
  eden space 87040K, 3% used [0x00000000e0000000,0x00000000e02c0490,0x00000000e5500000)
  from space 10752K, 70% used [0x00000000e6a80000,0x00000000e71f4018,0x00000000e7500000)
  to   space 10240K, 0% used [0x00000000e7580000,0x00000000e7580000,0x00000000e7f80000)
 ParOldGen       total 155648K, used 36937K [0x00000000a0000000, 0x00000000a9800000, 0x00000000e0000000)
  object space 155648K, 23% used [0x00000000a0000000,0x00000000a2412448,0x00000000a9800000)
 Metaspace       used 63417K, capacity 70765K, committed 71040K, reserved 1110016K
  class space    used 9031K, capacity 9498K, committed 9600K, reserved 1048576K

Card table byte_map: [0x0000000012550000,0x0000000012860000] byte_map_base: 0x0000000012050000

Marking Bits: (ParMarkBitMap*) 0x0000000060343e30
 Begin Bits: [0x0000000013460000, 0x0000000014c60000)
 End Bits:   [0x0000000014c60000, 0x0000000016460000)

Polling page: 0x00000000009d0000

CodeCache: size=245760Kb used=16571Kb max_used=16582Kb free=229188Kb
 bounds [0x0000000003190000, 0x00000000041e0000, 0x0000000012190000]
 total_blobs=6568 nmethods=5946 adapters=529
 compilation: enabled

Compilation events (10 events):
Event: 7.222 Thread 0x0000000018894800 6625       3       sbt.Execute$$Lambda$1897/213729473::apply (17 bytes)
Event: 7.222 Thread 0x0000000018894800 nmethod 6625 0x00000000041bed10 code [0x00000000041bee80, 0x00000000041bf168]
Event: 7.222 Thread 0x0000000018894800 6626       3       sbt.Execute::$anonfun$retire$2$adapted (11 bytes)
Event: 7.222 Thread 0x0000000018894800 nmethod 6626 0x00000000041c11d0 code [0x00000000041c1340, 0x00000000041c15a8]
Event: 7.224 Thread 0x0000000018893000 6627       4       java.lang.invoke.MethodHandleImpl::castReference (20 bytes)
Event: 7.224 Thread 0x0000000018893000 nmethod 6627 0x00000000041c3710 code [0x00000000041c3840, 0x00000000041c3938]
Event: 7.263 Thread 0x0000000018836000 6631  s    4       java.util.Vector::addElement (38 bytes)
Event: 7.265 Thread 0x0000000018836000 nmethod 6631 0x00000000041c4710 code [0x00000000041c4860, 0x00000000041c4c28]
Event: 7.349 Thread 0x000000001715e800 6632       4       java.util.concurrent.locks.ReentrantLock$Sync::nonfairTryAcquire (67 bytes)
Event: 7.351 Thread 0x000000001715e800 nmethod 6632 0x00000000041cebd0 code [0x00000000041ced00, 0x00000000041cedd8]

GC Heap History (10 events):
Event: 4.645 GC heap before
{Heap before GC invocations=6 (full 2):
 PSYoungGen      total 75776K, used 65024K [0x00000000e0000000, 0x00000000e8000000, 0x0000000100000000)
  eden space 65024K, 100% used [0x00000000e0000000,0x00000000e3f80000,0x00000000e3f80000)
  from space 10752K, 0% used [0x00000000e3f80000,0x00000000e3f80000,0x00000000e4a00000)
  to   space 10752K, 0% used [0x00000000e7580000,0x00000000e7580000,0x00000000e8000000)
 ParOldGen       total 155648K, used 18246K [0x00000000a0000000, 0x00000000a9800000, 0x00000000e0000000)
  object space 155648K, 11% used [0x00000000a0000000,0x00000000a11d1b90,0x00000000a9800000)
 Metaspace       used 43219K, capacity 46233K, committed 46336K, reserved 1089536K
  class space    used 6096K, capacity 6361K, committed 6400K, reserved 1048576K
Event: 4.651 GC heap after
Heap after GC invocations=6 (full 2):
 PSYoungGen      total 97280K, used 10001K [0x00000000e0000000, 0x00000000e7f80000, 0x0000000100000000)
  eden space 87040K, 0% used [0x00000000e0000000,0x00000000e0000000,0x00000000e5500000)
  from space 10240K, 97% used [0x00000000e7580000,0x00000000e7f44608,0x00000000e7f80000)
  to   space 10752K, 0% used [0x00000000e6a80000,0x00000000e6a80000,0x00000000e7500000)
 ParOldGen       total 155648K, used 18254K [0x00000000a0000000, 0x00000000a9800000, 0x00000000e0000000)
  object space 155648K, 11% used [0x00000000a0000000,0x00000000a11d3b90,0x00000000a9800000)
 Metaspace       used 43219K, capacity 46233K, committed 46336K, reserved 1089536K
  class space    used 6096K, capacity 6361K, committed 6400K, reserved 1048576K
}
Event: 5.644 GC heap before
{Heap before GC invocations=7 (full 2):
 PSYoungGen      total 97280K, used 92244K [0x00000000e0000000, 0x00000000e7f80000, 0x0000000100000000)
  eden space 87040K, 94% used [0x00000000e0000000,0x00000000e5050d98,0x00000000e5500000)
  from space 10240K, 97% used [0x00000000e7580000,0x00000000e7f44608,0x00000000e7f80000)
  to   space 10752K, 0% used [0x00000000e6a80000,0x00000000e6a80000,0x00000000e7500000)
 ParOldGen       total 155648K, used 18254K [0x00000000a0000000, 0x00000000a9800000, 0x00000000e0000000)
  object space 155648K, 11% used [0x00000000a0000000,0x00000000a11d3b90,0x00000000a9800000)
 Metaspace       used 53454K, capacity 58955K, committed 59028K, reserved 1099776K
  class space    used 7527K, capacity 7863K, committed 7936K, reserved 1048576K
Event: 5.662 GC heap after
Heap after GC invocations=7 (full 2):
 PSYoungGen      total 97792K, used 10723K [0x00000000e0000000, 0x00000000e7f80000, 0x0000000100000000)
  eden space 87040K, 0% used [0x00000000e0000000,0x00000000e0000000,0x00000000e5500000)
  from space 10752K, 99% used [0x00000000e6a80000,0x00000000e74f8cd8,0x00000000e7500000)
  to   space 10240K, 0% used [0x00000000e7580000,0x00000000e7580000,0x00000000e7f80000)
 ParOldGen       total 155648K, used 31993K [0x00000000a0000000, 0x00000000a9800000, 0x00000000e0000000)
  object space 155648K, 20% used [0x00000000a0000000,0x00000000a1f3e668,0x00000000a9800000)
 Metaspace       used 53454K, capacity 58955K, committed 59028K, reserved 1099776K
  class space    used 7527K, capacity 7863K, committed 7936K, reserved 1048576K
}
Event: 5.662 GC heap before
{Heap before GC invocations=8 (full 3):
 PSYoungGen      total 97792K, used 10723K [0x00000000e0000000, 0x00000000e7f80000, 0x0000000100000000)
  eden space 87040K, 0% used [0x00000000e0000000,0x00000000e0000000,0x00000000e5500000)
  from space 10752K, 99% used [0x00000000e6a80000,0x00000000e74f8cd8,0x00000000e7500000)
  to   space 10240K, 0% used [0x00000000e7580000,0x00000000e7580000,0x00000000e7f80000)
 ParOldGen       total 155648K, used 31993K [0x00000000a0000000, 0x00000000a9800000, 0x00000000e0000000)
  object space 155648K, 20% used [0x00000000a0000000,0x00000000a1f3e668,0x00000000a9800000)
 Metaspace       used 53454K, capacity 58955K, committed 59028K, reserved 1099776K
  class space    used 7527K, capacity 7863K, committed 7936K, reserved 1048576K
Event: 5.777 GC heap after
Heap after GC invocations=8 (full 3):
 PSYoungGen      total 97792K, used 0K [0x00000000e0000000, 0x00000000e7f80000, 0x0000000100000000)
  eden space 87040K, 0% used [0x00000000e0000000,0x00000000e0000000,0x00000000e5500000)
  from space 10752K, 0% used [0x00000000e6a80000,0x00000000e6a80000,0x00000000e7500000)
  to   space 10240K, 0% used [0x00000000e7580000,0x00000000e7580000,0x00000000e7f80000)
 ParOldGen       total 155648K, used 34695K [0x00000000a0000000, 0x00000000a9800000, 0x00000000e0000000)
  object space 155648K, 22% used [0x00000000a0000000,0x00000000a21e1e38,0x00000000a9800000)
 Metaspace       used 53448K, capacity 58945K, committed 59028K, reserved 1099776K
  class space    used 7527K, capacity 7861K, committed 7936K, reserved 1048576K
}
Event: 6.548 GC heap before
{Heap before GC invocations=9 (full 3):
 PSYoungGen      total 97792K, used 87040K [0x00000000e0000000, 0x00000000e7f80000, 0x0000000100000000)
  eden space 87040K, 100% used [0x00000000e0000000,0x00000000e5500000,0x00000000e5500000)
  from space 10752K, 0% used [0x00000000e6a80000,0x00000000e6a80000,0x00000000e7500000)
  to   space 10240K, 0% used [0x00000000e7580000,0x00000000e7580000,0x00000000e7f80000)
 ParOldGen       total 155648K, used 34695K [0x00000000a0000000, 0x00000000a9800000, 0x00000000e0000000)
  object space 155648K, 22% used [0x00000000a0000000,0x00000000a21e1e38,0x00000000a9800000)
 Metaspace       used 59852K, capacity 67019K, committed 67200K, reserved 1107968K
  class space    used 8618K, capacity 9058K, committed 9088K, reserved 1048576K
Event: 6.559 GC heap after
Heap after GC invocations=9 (full 3):
 PSYoungGen      total 97280K, used 10240K [0x00000000e0000000, 0x00000000e7f80000, 0x0000000100000000)
  eden space 87040K, 0% used [0x00000000e0000000,0x00000000e0000000,0x00000000e5500000)
  from space 10240K, 100% used [0x00000000e7580000,0x00000000e7f80000,0x00000000e7f80000)
  to   space 10752K, 0% used [0x00000000e6a80000,0x00000000e6a80000,0x00000000e7500000)
 ParOldGen       total 155648K, used 36929K [0x00000000a0000000, 0x00000000a9800000, 0x00000000e0000000)
  object space 155648K, 23% used [0x00000000a0000000,0x00000000a2410448,0x00000000a9800000)
 Metaspace       used 59852K, capacity 67019K, committed 67200K, reserved 1107968K
  class space    used 8618K, capacity 9058K, committed 9088K, reserved 1048576K
}
Event: 7.352 GC heap before
{Heap before GC invocations=10 (full 3):
 PSYoungGen      total 97280K, used 97280K [0x00000000e0000000, 0x00000000e7f80000, 0x0000000100000000)
  eden space 87040K, 100% used [0x00000000e0000000,0x00000000e5500000,0x00000000e5500000)
  from space 10240K, 100% used [0x00000000e7580000,0x00000000e7f80000,0x00000000e7f80000)
  to   space 10752K, 0% used [0x00000000e6a80000,0x00000000e6a80000,0x00000000e7500000)
 ParOldGen       total 155648K, used 36929K [0x00000000a0000000, 0x00000000a9800000, 0x00000000e0000000)
  object space 155648K, 23% used [0x00000000a0000000,0x00000000a2410448,0x00000000a9800000)
 Metaspace       used 63417K, capacity 70765K, committed 71040K, reserved 1110016K
  class space    used 9031K, capacity 9498K, committed 9600K, reserved 1048576K
Event: 7.358 GC heap after
Heap after GC invocations=10 (full 3):
 PSYoungGen      total 97792K, used 7632K [0x00000000e0000000, 0x00000000e7f80000, 0x0000000100000000)
  eden space 87040K, 0% used [0x00000000e0000000,0x00000000e0000000,0x00000000e5500000)
  from space 10752K, 70% used [0x00000000e6a80000,0x00000000e71f4018,0x00000000e7500000)
  to   space 10240K, 0% used [0x00000000e7580000,0x00000000e7580000,0x00000000e7f80000)
 ParOldGen       total 155648K, used 36937K [0x00000000a0000000, 0x00000000a9800000, 0x00000000e0000000)
  object space 155648K, 23% used [0x00000000a0000000,0x00000000a2412448,0x00000000a9800000)
 Metaspace       used 63417K, capacity 70765K, committed 71040K, reserved 1110016K
  class space    used 9031K, capacity 9498K, committed 9600K, reserved 1048576K
}

Deoptimization events (10 events):
Event: 7.094 Thread 0x000000001fd75800 Uncommon trap: reason=class_check action=maybe_recompile pc=0x00000000041040fc method=sjsonnew.Builder.endObject()V @ 52
Event: 7.161 Thread 0x000000001c284800 Uncommon trap: reason=speculate_class_check action=maybe_recompile pc=0x00000000040a447c method=scala.collection.TraversableOnce.toArray(Lscala/reflect/ClassTag;)Ljava/lang/Object; @ 11
Event: 7.161 Thread 0x000000001c284800 Uncommon trap: reason=class_check action=maybe_recompile pc=0x00000000034eb6b0 method=scala.collection.TraversableOnce.copyToArray(Ljava/lang/Object;I)V @ 12
Event: 7.186 Thread 0x000000001fd75800 Uncommon trap: reason=speculate_class_check action=maybe_recompile pc=0x00000000040a447c method=scala.collection.TraversableOnce.toArray(Lscala/reflect/ClassTag;)Ljava/lang/Object; @ 11
Event: 7.186 Thread 0x000000001fd75800 Uncommon trap: reason=class_check action=maybe_recompile pc=0x00000000034eb6b0 method=scala.collection.TraversableOnce.copyToArray(Ljava/lang/Object;I)V @ 12
Event: 7.186 Thread 0x000000001fd75800 Uncommon trap: reason=speculate_class_check action=maybe_recompile pc=0x00000000040a447c method=scala.collection.TraversableOnce.toArray(Lscala/reflect/ClassTag;)Ljava/lang/Object; @ 11
Event: 7.186 Thread 0x000000001fd75800 Uncommon trap: reason=class_check action=maybe_recompile pc=0x00000000034eb6b0 method=scala.collection.TraversableOnce.copyToArray(Ljava/lang/Object;I)V @ 12
Event: 7.186 Thread 0x000000001fd75800 Uncommon trap: reason=speculate_class_check action=maybe_recompile pc=0x00000000040a447c method=scala.collection.TraversableOnce.toArray(Lscala/reflect/ClassTag;)Ljava/lang/Object; @ 11
Event: 7.186 Thread 0x000000001fd75800 Uncommon trap: reason=class_check action=maybe_recompile pc=0x00000000034eb6b0 method=scala.collection.TraversableOnce.copyToArray(Ljava/lang/Object;I)V @ 12
Event: 7.188 Thread 0x000000001c280000 Uncommon trap: reason=null_check action=make_not_entrant pc=0x0000000003dbcdac method=java.lang.reflect.Array.newInstance(Ljava/lang/Class;I)Ljava/lang/Object; @ 2

Classes redefined (0 events):
No events

Internal exceptions (10 events):
Event: 6.465 Thread 0x000000001fd75800 Implicit null exception at 0x00000000034ca0af to 0x00000000034ca119
Event: 6.819 Thread 0x000000001fd75800 Exception <a 'java/lang/NoSuchMethodError': java.lang.Object.$anonfun$isoStringKeyFormat$1(Lsjsonnew/IsoString;Ljava/lang/Object;)Ljava/lang/String;> (0x00000000e2290360) thrown at [C:\re\workspace\8-2-build-windows-amd64-cygwin\jdk8u191\11896\hotspot\src
Event: 6.820 Thread 0x000000001fd75800 Exception <a 'java/lang/NoSuchMethodError': java.lang.Object.$anonfun$isoStringKeyFormat$2(Lsjsonnew/IsoString;Ljava/lang/String;)Ljava/lang/Object;> (0x00000000e2294c00) thrown at [C:\re\workspace\8-2-build-windows-amd64-cygwin\jdk8u191\11896\hotspot\src
Event: 6.945 Thread 0x000000001fd75800 Exception <a 'java/lang/UnsatisfiedLinkError': 找不到指定的程序。
> (0x00000000e2adddd0) thrown at [C:\re\workspace\8-2-build-windows-amd64-cygwin\jdk8u191\11896\hotspot\src\share\vm\prims\jni.cpp, line 735]
Event: 6.946 Thread 0x000000001fd75800 Exception <a 'java/lang/UnsatisfiedLinkError': 找不到指定的程序。
> (0x00000000e2ae7178) thrown at [C:\re\workspace\8-2-build-windows-amd64-cygwin\jdk8u191\11896\hotspot\src\share\vm\prims\jni.cpp, line 735]
Event: 7.157 Thread 0x000000001c280000 Exception <a 'java/lang/NoSuchMethodError': java.lang.Object.$anonfun$$amp$amp$1$adapted(Ljava/lang/Object;Ljava/lang/Object;)Ljava/lang/Object;> (0x00000000e48c5538) thrown at [C:\re\workspace\8-2-build-windows-amd64-cygwin\jdk8u191\11896\hotspot\src\sha
Event: 7.157 Thread 0x000000001fd75800 Exception <a 'java/lang/NoSuchMethodError': java.lang.Object.$anonfun$$amp$amp$1$adapted(Ljava/lang/Object;Ljava/lang/Object;)Ljava/lang/Object;> (0x00000000e479cd78) thrown at [C:\re\workspace\8-2-build-windows-amd64-cygwin\jdk8u191\11896\hotspot\src\sha
Event: 7.221 Thread 0x000000001c280000 Exception <a 'java/io/FileNotFoundException'> (0x00000000e4f22900) thrown at [C:\re\workspace\8-2-build-windows-amd64-cygwin\jdk8u191\11896\hotspot\src\share\vm\prims\jni.cpp, line 709]
Event: 7.340 Thread 0x000000001c280000 Exception <a 'java/lang/NoSuchMethodError': java.lang.Object.$anonfun$size$1$adapted(Ljava/lang/Object;Lscala/collection/generic/Growable;)Ljava/lang/Object;> (0x00000000e543f3f8) thrown at [C:\re\workspace\8-2-build-windows-amd64-cygwin\jdk8u191\11896\ho
Event: 7.350 Thread 0x000000001fd78800 Exception <a 'java/lang/NoSuchMethodError': java.lang.Object.$anonfun$spawnSubtasks$1$adapted(Lscala/runtime/ObjectRef;Lscala/collection/parallel/AdaptiveWorkStealingTasks$WrappedTask;)Ljava/lang/Object;> (0x00000000e5494d00) thrown at [C:\re\workspace\8-

Events (10 events):
Event: 7.359 Thread 0x000000001b032000 Thread added: 0x000000001b032000
Event: 7.359 Thread 0x000000001b037000 Thread added: 0x000000001b037000
Event: 7.359 Thread 0x000000001b033800 Thread added: 0x000000001b033800
Event: 7.360 Executing VM operation: RevokeBias
Event: 7.360 Thread 0x000000001b038000 Thread added: 0x000000001b038000
Event: 7.360 Executing VM operation: RevokeBias done
Event: 7.360 Thread 0x000000001b031000 Thread added: 0x000000001b031000
Event: 7.360 Executing VM operation: RevokeBias
Event: 7.360 Executing VM operation: RevokeBias done
Event: 7.361 Thread 0x000000001fd76800 Uncommon trap: trap_request=0xffffff65 fr.pc=0x000000000356c61c


Dynamic libraries:
0x00007ff63fd00000 - 0x00007ff63fd37000 	D:\JAVA\jdk\bin\java.exe
0x00007ffa19310000 - 0x00007ffa194fd000 	C:\WINDOWS\SYSTEM32\ntdll.dll
0x00007ffa16fb0000 - 0x00007ffa17063000 	C:\WINDOWS\System32\KERNEL32.DLL
0x00007ffa16270000 - 0x00007ffa16503000 	C:\WINDOWS\System32\KERNELBASE.dll
0x00007ffa16540000 - 0x00007ffa165e3000 	C:\WINDOWS\System32\ADVAPI32.dll
0x00007ffa16d60000 - 0x00007ffa16dfe000 	C:\WINDOWS\System32\msvcrt.dll
0x00007ffa166a0000 - 0x00007ffa1673e000 	C:\WINDOWS\System32\sechost.dll
0x00007ffa178b0000 - 0x00007ffa179d2000 	C:\WINDOWS\System32\RPCRT4.dll
0x00007ffa190c0000 - 0x00007ffa19257000 	C:\WINDOWS\System32\USER32.dll
0x00007ffa15eb0000 - 0x00007ffa15ed0000 	C:\WINDOWS\System32\win32u.dll
0x00007ffa16650000 - 0x00007ffa16679000 	C:\WINDOWS\System32\GDI32.dll
0x00007ffa15ed0000 - 0x00007ffa1606a000 	C:\WINDOWS\System32\gdi32full.dll
0x00007ffa15b50000 - 0x00007ffa15bf0000 	C:\WINDOWS\System32\msvcp_win.dll
0x00007ffa16070000 - 0x00007ffa1616a000 	C:\WINDOWS\System32\ucrtbase.dll
0x00007ffa04e20000 - 0x00007ffa05099000 	C:\WINDOWS\WinSxS\amd64_microsoft.windows.common-controls_6595b64144ccf1df_6.0.17763.557_none_05b63f68071e5b9f\COMCTL32.dll
0x00007ffa16740000 - 0x00007ffa16a6c000 	C:\WINDOWS\System32\combase.dll
0x00007ffa15e30000 - 0x00007ffa15eae000 	C:\WINDOWS\System32\bcryptPrimitives.dll
0x00007ffa16bc0000 - 0x00007ffa16bee000 	C:\WINDOWS\System32\IMM32.DLL
0x0000000061fc0000 - 0x0000000062092000 	D:\JAVA\jdk\jre\bin\msvcr100.dll
0x000000005fb20000 - 0x00000000603c4000 	D:\JAVA\jdk\jre\bin\server\jvm.dll
0x00007ffa18f80000 - 0x00007ffa18f88000 	C:\WINDOWS\System32\PSAPI.DLL
0x00007ffa0af60000 - 0x00007ffa0af6a000 	C:\WINDOWS\SYSTEM32\VERSION.dll
0x00007ff9f67e0000 - 0x00007ff9f67e9000 	C:\WINDOWS\SYSTEM32\WSOCK32.dll
0x00007ffa13000000 - 0x00007ffa13024000 	C:\WINDOWS\SYSTEM32\WINMM.dll
0x00007ffa17070000 - 0x00007ffa170dd000 	C:\WINDOWS\System32\WS2_32.dll
0x00007ffa12df0000 - 0x00007ffa12e1d000 	C:\WINDOWS\SYSTEM32\WINMMBASE.dll
0x00007ffa16170000 - 0x00007ffa161ba000 	C:\WINDOWS\System32\cfgmgr32.dll
0x0000000061fb0000 - 0x0000000061fbf000 	D:\JAVA\jdk\jre\bin\verify.dll
0x0000000061f80000 - 0x0000000061fa9000 	D:\JAVA\jdk\jre\bin\java.dll
0x0000000061f60000 - 0x0000000061f76000 	D:\JAVA\jdk\jre\bin\zip.dll
0x00007ffa179e0000 - 0x00007ffa18ed0000 	C:\WINDOWS\System32\SHELL32.dll
0x00007ffa17800000 - 0x00007ffa178a8000 	C:\WINDOWS\System32\shcore.dll
0x00007ffa15400000 - 0x00007ffa15b4a000 	C:\WINDOWS\System32\windows.storage.dll
0x00007ffa153b0000 - 0x00007ffa153d4000 	C:\WINDOWS\System32\profapi.dll
0x00007ffa15350000 - 0x00007ffa153ad000 	C:\WINDOWS\System32\powrprof.dll
0x00007ffa17150000 - 0x00007ffa171a2000 	C:\WINDOWS\System32\shlwapi.dll
0x00007ffa15310000 - 0x00007ffa15321000 	C:\WINDOWS\System32\kernel.appcore.dll
0x00007ffa153e0000 - 0x00007ffa153f7000 	C:\WINDOWS\System32\cryptsp.dll
0x0000000061f40000 - 0x0000000061f5a000 	D:\JAVA\jdk\jre\bin\net.dll
0x00007ffa14b90000 - 0x00007ffa14bf7000 	C:\WINDOWS\system32\mswsock.dll
0x00000000611a0000 - 0x00000000611b1000 	D:\JAVA\jdk\jre\bin\nio.dll
0x00007ffa14750000 - 0x00007ffa14783000 	C:\WINDOWS\system32\rsaenh.dll
0x00007ffa16510000 - 0x00007ffa16536000 	C:\WINDOWS\System32\bcrypt.dll
0x00007ffa15240000 - 0x00007ffa15268000 	C:\WINDOWS\SYSTEM32\USERENV.dll
0x00007ffa14d60000 - 0x00007ffa14d6c000 	C:\WINDOWS\SYSTEM32\CRYPTBASE.dll
0x00007ffa148f0000 - 0x00007ffa1492d000 	C:\WINDOWS\SYSTEM32\IPHLPAPI.DLL
0x00007ffa170e0000 - 0x00007ffa170e8000 	C:\WINDOWS\System32\NSI.dll
0x00007ffa089d0000 - 0x00007ffa089e6000 	C:\WINDOWS\SYSTEM32\dhcpcsvc6.DLL
0x00007ffa089b0000 - 0x00007ffa089cc000 	C:\WINDOWS\SYSTEM32\dhcpcsvc.DLL
0x00007ffa14930000 - 0x00007ffa149f6000 	C:\WINDOWS\SYSTEM32\DNSAPI.dll
0x00007ffa11860000 - 0x00007ffa1186a000 	C:\Users\MX\AppData\Local\Temp\jansi-64-1-6245718078328192240.11
0x0000000061190000 - 0x000000006119d000 	D:\JAVA\jdk\jre\bin\management.dll
0x00007ff9e3680000 - 0x00007ff9e3696000 	C:\WINDOWS\system32\napinsp.dll
0x00007ff9e1ea0000 - 0x00007ff9e1eba000 	C:\WINDOWS\system32\pnrpnsp.dll
0x00007ffa0af50000 - 0x00007ffa0af5e000 	C:\WINDOWS\System32\winrnr.dll
0x00007ffa11700000 - 0x00007ffa1171b000 	C:\WINDOWS\system32\NLAapi.dll
0x00007ffa0a0b0000 - 0x00007ffa0a0c5000 	C:\WINDOWS\system32\wshbth.dll
0x00007ffa07210000 - 0x00007ffa0721a000 	C:\Windows\System32\rasadhlp.dll
0x00007ffa07090000 - 0x00007ffa07109000 	C:\WINDOWS\System32\fwpuclnt.dll
0x00007ffa0a320000 - 0x00007ffa0a362000 	C:\Users\MX\AppData\Local\Temp\jna-2475\jna3161184390545213292.dll

VM Arguments:
jvm_args: -Djline.terminal=jline.UnsupportedTerminal -Dsbt.log.noformat=true -Dfile.encoding=UTF-8 -Xmx1536M -Dsbt.override.build.repos=true -Dsbt.repository.config=C:/Users/MX/.sbt/repo.properties -Didea.managed=true -Dfile.encoding=UTF-8 
java_command: C:/Users/MX/.IntelliJIdea2018.1/config/plugins/Scala/launcher/sbt-launch.jar
java_class_path (initial): C:/Users/MX/.IntelliJIdea2018.1/config/plugins/Scala/launcher/sbt-launch.jar
Launcher Type: SUN_STANDARD

Environment Variables:
JAVA_HOME=D:\JAVA\jdk
CLASSPATH=.;D:\JAVA\jdk\lib\dt.jar;D:\JAVA\jdk\lib\tools.jar
PATH=E:\app\MX\product\11.2.0\client_3\bin;E:\app\MX\product\11.2.0\client_2;E:\app\MX\product\11.2.0\client_1\bin;C:\Program Files (x86)\Common Files\Oracle\Java\javapath;C:\Program Files (x86)\Intel\Intel(R) Management Engine Components\iCLS\;C:\Program Files\Intel\Intel(R) Management Engine Components\iCLS\;C:\Windows\system32;C:\Windows;C:\Windows\System32\Wbem;C:\Windows\System32\WindowsPowerShell\v1.0\;C:\Program Files (x86)\Intel\Intel(R) Management Engine Components\DAL;C:\Program Files\Intel\Intel(R) Management Engine Components\DAL;C:\Program Files (x86)\Intel\Intel(R) Management Engine Components\IPT;C:\Program Files\Intel\Intel(R) Management Engine Components\IPT;C:\Program Files (x86)\NVIDIA Corporation\PhysX\Common;D:\MySQL\bin;D:\Git\cmd;C:\Program Files\Intel\WiFi\bin\;C:\Program Files\Common Files\Intel\WirelessCommon\;C:\WINDOWS\system32;C:\WINDOWS;C:\WINDOWS\System32\Wbem;C:\WINDOWS\System32\WindowsPowerShell\v1.0\;C:\WINDOWS\System32\OpenSSH\;D:\node\;D:\node\node_modules;D:\node\node_modules\npm;D:\node\node_modules\npm\node_cache;D:\node\node_modules\npm\node_global_modules;F:\scala\bin;F:\hadoop-2.7.6\bin;F:\spark-2.4.0-bin-hadoop2.7\bin;F:\anaconda;F:\anaconda\Library\mingw-w64\bin;F:\anaconda\Library\usr\bin;F:\anaconda\Library\bin;F:\anaconda\Scripts;C:\Users\MX\AppData\Local\Microsoft\WindowsApps;C:\Program Files\Intel\WiFi\bin\;C:\Program Files\Common Files\Intel\WirelessCommon\;D:\JAVA\jdk\bin;D:\JAVA\jdk\jre\bin;D:\apache-maven-3.5.2\bin;
USERNAME=MX
OS=Windows_NT
PROCESSOR_IDENTIFIER=Intel64 Family 6 Model 158 Stepping 10, GenuineIntel



---------------  S Y S T E M  ---------------

OS: Windows 10.0 , 64 bit Build 17763 (10.0.17763.475)

CPU:total 12 (initial active 12) (6 cores per cpu, 2 threads per core) family 6 model 158 stepping 10, cmov, cx8, fxsr, mmx, sse, sse2, sse3, ssse3, sse4.1, sse4.2, popcnt, avx, avx2, aes, clmul, erms, 3dnowpref, lzcnt, ht, tsc, tscinvbit, bmi1, bmi2, adx

Memory: 4k page, physical 16628848k(5887680k free), swap 18726000k(168k free)

vm_info: Java HotSpot(TM) 64-Bit Server VM (25.191-b12) for windows-amd64 JRE (1.8.0_191-b12), built on Oct  6 2018 09:29:03 by "java_re" with MS VC++ 10.0 (VS2010)

time: Sat Jun 29 22:52:15 2019
elapsed time: 7 seconds (0d 0h 0m 7s)

