#
# There is insufficient memory for the Java Runtime Environment to continue.
# Native memory allocation (malloc) failed to allocate 339296 bytes for Chunk::new
# Possible reasons:
#   The system is out of physical RAM or swap space
#   In 32 bit mode, the process size limit was hit
# Possible solutions:
#   Reduce memory load on the system
#   Increase physical memory or swap space
#   Check if swap backing store is full
#   Use 64 bit Java on a 64 bit OS
#   Decrease Java heap size (-Xmx/-Xms)
#   Decrease number of Java threads
#   Decrease Java thread stack sizes (-Xss)
#   Set larger code cache with -XX:ReservedCodeCacheSize=
# This output file may be truncated or incomplete.
#
#  Out of Memory Error (allocation.cpp:390), pid=6748, tid=0x0000000000006228
#
# JRE version: Java(TM) SE Runtime Environment (8.0_191-b12) (build 1.8.0_191-b12)
# Java VM: Java HotSpot(TM) 64-Bit Server VM (25.191-b12 mixed mode windows-amd64 compressed oops)
# Failed to write core dump. Minidumps are not enabled by default on client versions of Windows
#

---------------  T H R E A D  ---------------

Current thread (0x00000000182a1000):  JavaThread "C2 CompilerThread0" daemon [_thread_in_native, id=25128, stack(0x00000000197f0000,0x00000000198f0000)]

Stack: [0x00000000197f0000,0x00000000198f0000]
[error occurred during error reporting (printing stack bounds), id 0xc0000005]

Native frames: (J=compiled Java code, j=interpreted, Vv=VM code, C=native code)


Current CompileTask:
C2:   5304 4135       4       jdk.internal.org.objectweb.asm.ClassWriter::toByteArray (1289 bytes)


---------------  P R O C E S S  ---------------

Java Threads: ( => current thread )
  0x000000001c022800 JavaThread "Log4j2-TF-1-AsyncLogger[AsyncContext@5702b3b1]-1" daemon [_thread_blocked, id=26352, stack(0x000000001d040000,0x000000001d140000)]
  0x0000000018339000 JavaThread "Service Thread" daemon [_thread_blocked, id=6824, stack(0x0000000019bf0000,0x0000000019cf0000)]
  0x00000000182b1800 JavaThread "C1 CompilerThread3" daemon [_thread_in_vm, id=24744, stack(0x0000000019af0000,0x0000000019bf0000)]
  0x00000000182b0800 JavaThread "C2 CompilerThread2" daemon [_thread_in_native, id=25284, stack(0x00000000199f0000,0x0000000019af0000)]
  0x00000000182ac800 JavaThread "C2 CompilerThread1" daemon [_thread_in_native, id=25296, stack(0x00000000198f0000,0x00000000199f0000)]
=>0x00000000182a1000 JavaThread "C2 CompilerThread0" daemon [_thread_in_native, id=25128, stack(0x00000000197f0000,0x00000000198f0000)]
  0x000000001824c800 JavaThread "Attach Listener" daemon [_thread_blocked, id=5020, stack(0x00000000196f0000,0x00000000197f0000)]
  0x000000001824b000 JavaThread "Signal Dispatcher" daemon [_thread_blocked, id=26540, stack(0x00000000195f0000,0x00000000196f0000)]
  0x0000000002ba9800 JavaThread "Finalizer" daemon [_thread_blocked, id=15520, stack(0x0000000019490000,0x0000000019590000)]
  0x0000000018233000 JavaThread "Reference Handler" daemon [_thread_blocked, id=26460, stack(0x0000000019390000,0x0000000019490000)]
  0x0000000002aae000 JavaThread "main" [_thread_in_Java, id=22684, stack(0x0000000002950000,0x0000000002a50000)]

Other Threads:
  0x0000000018212800 VMThread [stack: 0x0000000019290000,0x0000000019390000] [id=24364]
  0x0000000018353000 WatcherThread [stack: 0x0000000019cf0000,0x0000000019df0000] [id=25184]

VM state:not at safepoint (normal execution)

VM Mutex/Monitor currently owned by a thread:  ([mutex/lock_event])
[0x0000000002ab0cd0] Compile_lock - owner thread: 0x00000000182b1800
[0x0000000002ab1c50] MethodCompileQueue_lock - owner thread: 0x00000000182b1800

Heap:
 PSYoungGen      total 119808K, used 4474K [0x00000000e0000000, 0x00000000e9c80000, 0x0000000100000000)
  eden space 109056K, 4% used [0x00000000e0000000,0x00000000e045eaf0,0x00000000e6a80000)
  from space 10752K, 0% used [0x00000000e6a80000,0x00000000e6a80000,0x00000000e7500000)
  to   space 24064K, 0% used [0x00000000e8500000,0x00000000e8500000,0x00000000e9c80000)
 ParOldGen       total 244224K, used 34770K [0x00000000a0000000, 0x00000000aee80000, 0x00000000e0000000)
  object space 244224K, 14% used [0x00000000a0000000,0x00000000a21f4958,0x00000000aee80000)
 Metaspace       used 53643K, capacity 59285K, committed 59392K, reserved 1101824K
  class space    used 7575K, capacity 7909K, committed 7936K, reserved 1048576K

Card table byte_map: [0x0000000011f70000,0x0000000012280000] byte_map_base: 0x0000000011a70000

Marking Bits: (ParMarkBitMap*) 0x000000005d6a3e30
 Begin Bits: [0x0000000012e80000, 0x0000000014680000)
 End Bits:   [0x0000000014680000, 0x0000000015e80000)

Polling page: 0x00000000003d0000

CodeCache: size=245760Kb used=13310Kb max_used=13317Kb free=232449Kb
 bounds [0x0000000002bb0000, 0x00000000038c0000, 0x0000000011bb0000]
 total_blobs=4963 nmethods=4421 adapters=452
 compilation: enabled

Compilation events (10 events):
Event: 5.257 Thread 0x00000000182b1800 nmethod 4262 0x00000000037f7210 code [0x00000000037f7360, 0x00000000037f7530]
Event: 5.257 Thread 0x00000000182b1800 4264       3       sbt.internal.util.Init$$Lambda$1551/904872862::apply (28 bytes)
Event: 5.257 Thread 0x00000000182b1800 nmethod 4264 0x00000000037f6d10 code [0x00000000037f6e80, 0x00000000037f7128]
Event: 5.257 Thread 0x00000000182b1800 4268       3       scala.collection.generic.GenericTraversableTemplate::flatten (33 bytes)
Event: 5.258 Thread 0x00000000182b1800 nmethod 4268 0x00000000037f4a10 code [0x00000000037f4c20, 0x00000000037f5758]
Event: 5.258 Thread 0x00000000182b1800 4265       3       sbt.internal.util.Init::$anonfun$deriveAndLocal$11 (60 bytes)
Event: 5.259 Thread 0x00000000182b1800 nmethod 4265 0x00000000037f2e10 code [0x00000000037f3060, 0x00000000037f4168]
Event: 5.259 Thread 0x00000000182b1800 4270       1       sbt.BuildRef::build (5 bytes)
Event: 5.259 Thread 0x00000000182b1800 nmethod 4270 0x00000000037f2b50 code [0x00000000037f2ca0, 0x00000000037f2db0]
Event: 5.259 Thread 0x00000000182b1800 4266       3       sbt.internal.util.Init$$Lambda$1552/1234654510::get$Lambda (14 bytes)

GC Heap History (10 events):
Event: 3.337 GC heap before
{Heap before GC invocations=4 (full 1):
 PSYoungGen      total 75776K, used 65024K [0x00000000e0000000, 0x00000000e9400000, 0x0000000100000000)
  eden space 65024K, 100% used [0x00000000e0000000,0x00000000e3f80000,0x00000000e3f80000)
  from space 10752K, 0% used [0x00000000e4a00000,0x00000000e4a00000,0x00000000e5480000)
  to   space 10752K, 0% used [0x00000000e3f80000,0x00000000e3f80000,0x00000000e4a00000)
 ParOldGen       total 91648K, used 6490K [0x00000000a0000000, 0x00000000a5980000, 0x00000000e0000000)
  object space 91648K, 7% used [0x00000000a0000000,0x00000000a0656ba8,0x00000000a5980000)
 Metaspace       used 33628K, capacity 35364K, committed 35416K, reserved 1079296K
  class space    used 4863K, capacity 5120K, committed 5120K, reserved 1048576K
Event: 3.347 GC heap after
Heap after GC invocations=4 (full 1):
 PSYoungGen      total 75776K, used 10736K [0x00000000e0000000, 0x00000000e8080000, 0x0000000100000000)
  eden space 65024K, 0% used [0x00000000e0000000,0x00000000e0000000,0x00000000e3f80000)
  from space 10752K, 99% used [0x00000000e3f80000,0x00000000e49fc2b8,0x00000000e4a00000)
  to   space 10752K, 0% used [0x00000000e7600000,0x00000000e7600000,0x00000000e8080000)
 ParOldGen       total 91648K, used 8691K [0x00000000a0000000, 0x00000000a5980000, 0x00000000e0000000)
  object space 91648K, 9% used [0x00000000a0000000,0x00000000a087ce90,0x00000000a5980000)
 Metaspace       used 33628K, capacity 35364K, committed 35416K, reserved 1079296K
  class space    used 4863K, capacity 5120K, committed 5120K, reserved 1048576K
}
Event: 3.347 GC heap before
{Heap before GC invocations=5 (full 2):
 PSYoungGen      total 75776K, used 10736K [0x00000000e0000000, 0x00000000e8080000, 0x0000000100000000)
  eden space 65024K, 0% used [0x00000000e0000000,0x00000000e0000000,0x00000000e3f80000)
  from space 10752K, 99% used [0x00000000e3f80000,0x00000000e49fc2b8,0x00000000e4a00000)
  to   space 10752K, 0% used [0x00000000e7600000,0x00000000e7600000,0x00000000e8080000)
 ParOldGen       total 91648K, used 8691K [0x00000000a0000000, 0x00000000a5980000, 0x00000000e0000000)
  object space 91648K, 9% used [0x00000000a0000000,0x00000000a087ce90,0x00000000a5980000)
 Metaspace       used 33628K, capacity 35364K, committed 35416K, reserved 1079296K
  class space    used 4863K, capacity 5120K, committed 5120K, reserved 1048576K
Event: 3.419 GC heap after
Heap after GC invocations=5 (full 2):
 PSYoungGen      total 75776K, used 0K [0x00000000e0000000, 0x00000000e8080000, 0x0000000100000000)
  eden space 65024K, 0% used [0x00000000e0000000,0x00000000e0000000,0x00000000e3f80000)
  from space 10752K, 0% used [0x00000000e3f80000,0x00000000e3f80000,0x00000000e4a00000)
  to   space 10752K, 0% used [0x00000000e7600000,0x00000000e7600000,0x00000000e8080000)
 ParOldGen       total 159232K, used 18262K [0x00000000a0000000, 0x00000000a9b80000, 0x00000000e0000000)
  object space 159232K, 11% used [0x00000000a0000000,0x00000000a11d5bf0,0x00000000a9b80000)
 Metaspace       used 33628K, capacity 35364K, committed 35416K, reserved 1079296K
  class space    used 4863K, capacity 5120K, committed 5120K, reserved 1048576K
}
Event: 4.282 GC heap before
{Heap before GC invocations=6 (full 2):
 PSYoungGen      total 75776K, used 65024K [0x00000000e0000000, 0x00000000e8080000, 0x0000000100000000)
  eden space 65024K, 100% used [0x00000000e0000000,0x00000000e3f80000,0x00000000e3f80000)
  from space 10752K, 0% used [0x00000000e3f80000,0x00000000e3f80000,0x00000000e4a00000)
  to   space 10752K, 0% used [0x00000000e7600000,0x00000000e7600000,0x00000000e8080000)
 ParOldGen       total 159232K, used 18262K [0x00000000a0000000, 0x00000000a9b80000, 0x00000000e0000000)
  object space 159232K, 11% used [0x00000000a0000000,0x00000000a11d5bf0,0x00000000a9b80000)
 Metaspace       used 43088K, capacity 46072K, committed 46336K, reserved 1089536K
  class space    used 6093K, capacity 6361K, committed 6400K, reserved 1048576K
Event: 4.289 GC heap after
Heap after GC invocations=6 (full 2):
 PSYoungGen      total 94720K, used 9476K [0x00000000e0000000, 0x00000000e7f80000, 0x0000000100000000)
  eden space 84992K, 0% used [0x00000000e0000000,0x00000000e0000000,0x00000000e5300000)
  from space 9728K, 97% used [0x00000000e7600000,0x00000000e7f413d0,0x00000000e7f80000)
  to   space 10752K, 0% used [0x00000000e6a80000,0x00000000e6a80000,0x00000000e7500000)
 ParOldGen       total 159232K, used 18270K [0x00000000a0000000, 0x00000000a9b80000, 0x00000000e0000000)
  object space 159232K, 11% used [0x00000000a0000000,0x00000000a11d7bf0,0x00000000a9b80000)
 Metaspace       used 43088K, capacity 46072K, committed 46336K, reserved 1089536K
  class space    used 6093K, capacity 6361K, committed 6400K, reserved 1048576K
}
Event: 5.105 GC heap before
{Heap before GC invocations=7 (full 2):
 PSYoungGen      total 94720K, used 92734K [0x00000000e0000000, 0x00000000e7f80000, 0x0000000100000000)
  eden space 84992K, 97% used [0x00000000e0000000,0x00000000e514e7e0,0x00000000e5300000)
  from space 9728K, 97% used [0x00000000e7600000,0x00000000e7f413d0,0x00000000e7f80000)
  to   space 10752K, 0% used [0x00000000e6a80000,0x00000000e6a80000,0x00000000e7500000)
 ParOldGen       total 159232K, used 18270K [0x00000000a0000000, 0x00000000a9b80000, 0x00000000e0000000)
  object space 159232K, 11% used [0x00000000a0000000,0x00000000a11d7bf0,0x00000000a9b80000)
 Metaspace       used 53419K, capacity 58925K, committed 59028K, reserved 1099776K
  class space    used 7532K, capacity 7868K, committed 7936K, reserved 1048576K
Event: 5.120 GC heap after
Heap after GC invocations=7 (full 2):
 PSYoungGen      total 119808K, used 10723K [0x00000000e0000000, 0x00000000e9c80000, 0x0000000100000000)
  eden space 109056K, 0% used [0x00000000e0000000,0x00000000e0000000,0x00000000e6a80000)
  from space 10752K, 99% used [0x00000000e6a80000,0x00000000e74f8cf8,0x00000000e7500000)
  to   space 24064K, 0% used [0x00000000e8500000,0x00000000e8500000,0x00000000e9c80000)
 ParOldGen       total 159232K, used 32035K [0x00000000a0000000, 0x00000000a9b80000, 0x00000000e0000000)
  object space 159232K, 20% used [0x00000000a0000000,0x00000000a1f48e78,0x00000000a9b80000)
 Metaspace       used 53419K, capacity 58925K, committed 59028K, reserved 1099776K
  class space    used 7532K, capacity 7868K, committed 7936K, reserved 1048576K
}
Event: 5.120 GC heap before
{Heap before GC invocations=8 (full 3):
 PSYoungGen      total 119808K, used 10723K [0x00000000e0000000, 0x00000000e9c80000, 0x0000000100000000)
  eden space 109056K, 0% used [0x00000000e0000000,0x00000000e0000000,0x00000000e6a80000)
  from space 10752K, 99% used [0x00000000e6a80000,0x00000000e74f8cf8,0x00000000e7500000)
  to   space 24064K, 0% used [0x00000000e8500000,0x00000000e8500000,0x00000000e9c80000)
 ParOldGen       total 159232K, used 32035K [0x00000000a0000000, 0x00000000a9b80000, 0x00000000e0000000)
  object space 159232K, 20% used [0x00000000a0000000,0x00000000a1f48e78,0x00000000a9b80000)
 Metaspace       used 53419K, capacity 58925K, committed 59028K, reserved 1099776K
  class space    used 7532K, capacity 7868K, committed 7936K, reserved 1048576K
Event: 5.219 GC heap after
Heap after GC invocations=8 (full 3):
 PSYoungGen      total 119808K, used 0K [0x00000000e0000000, 0x00000000e9c80000, 0x0000000100000000)
  eden space 109056K, 0% used [0x00000000e0000000,0x00000000e0000000,0x00000000e6a80000)
  from space 10752K, 0% used [0x00000000e6a80000,0x00000000e6a80000,0x00000000e7500000)
  to   space 24064K, 0% used [0x00000000e8500000,0x00000000e8500000,0x00000000e9c80000)
 ParOldGen       total 244224K, used 34770K [0x00000000a0000000, 0x00000000aee80000, 0x00000000e0000000)
  object space 244224K, 14% used [0x00000000a0000000,0x00000000a21f4958,0x00000000aee80000)
 Metaspace       used 53413K, capacity 58915K, committed 59028K, reserved 1099776K
  class space    used 7531K, capacity 7866K, committed 7936K, reserved 1048576K
}

Deoptimization events (10 events):
Event: 4.476 Thread 0x0000000002aae000 Uncommon trap: reason=class_check action=maybe_recompile pc=0x0000000002f58da8 method=java.io.DataInputStream.readFully([BII)V @ 34
Event: 4.482 Thread 0x0000000002aae000 Uncommon trap: reason=unstable_if action=reinterpret pc=0x0000000003303144 method=scala.reflect.internal.pickling.ByteCodecs$.regenerateZero([B)I @ 27
Event: 4.482 Thread 0x0000000002aae000 Uncommon trap: reason=unstable_if action=reinterpret pc=0x00000000032e99b0 method=scala.reflect.internal.pickling.ByteCodecs$.regenerateZero([B)I @ 27
Event: 4.661 Thread 0x0000000002aae000 Uncommon trap: reason=unstable_if action=reinterpret pc=0x00000000035eb254 method=scala.collection.mutable.HashTable.findOrAddEntry(Ljava/lang/Object;Ljava/lang/Object;)Lscala/collection/mutable/HashEntry; @ 24
Event: 4.661 Thread 0x0000000002aae000 Uncommon trap: reason=unstable_if action=reinterpret pc=0x00000000035f1b60 method=scala.collection.mutable.HashTable.findOrAddEntry(Ljava/lang/Object;Ljava/lang/Object;)Lscala/collection/mutable/HashEntry; @ 24
Event: 4.662 Thread 0x0000000002aae000 Uncommon trap: reason=unstable_if action=reinterpret pc=0x00000000036022d8 method=scala.collection.mutable.HashTable.findOrAddEntry(Ljava/lang/Object;Ljava/lang/Object;)Lscala/collection/mutable/HashEntry; @ 24
Event: 4.721 Thread 0x0000000002aae000 Uncommon trap: reason=class_check action=maybe_recompile pc=0x0000000002d70ab0 method=sun.misc.URLClassPath.getLoader(I)Lsun/misc/URLClassPath$Loader; @ 94
Event: 4.721 Thread 0x0000000002aae000 Uncommon trap: reason=class_check action=maybe_recompile pc=0x0000000002f060dc method=sun.misc.URLClassPath.getResource(Ljava/lang/String;Z)Lsun/misc/Resource; @ 62
Event: 4.721 Thread 0x0000000002aae000 Uncommon trap: reason=unstable_if action=reinterpret pc=0x00000000034dace0 method=java.lang.String.regionMatches(ZILjava/lang/String;II)Z @ 41
Event: 4.863 Thread 0x0000000002aae000 Uncommon trap: reason=unstable_if action=reinterpret pc=0x0000000002dabafc method=java.net.URI.match(CJJ)Z @ 45

Classes redefined (0 events):
No events

Internal exceptions (10 events):
Event: 5.238 Thread 0x0000000002aae000 Exception <a 'java/lang/NoSuchMethodError': java.lang.Object.$anonfun$deriveAndLocal$6()Lscala/collection/mutable/ListBuffer;> (0x00000000e00f2928) thrown at [C:\re\workspace\8-2-build-windows-amd64-cygwin\jdk8u191\11896\hotspot\src\share\vm\interpreter\l
Event: 5.239 Thread 0x0000000002aae000 Exception <a 'java/lang/NoSuchMethodError': java.lang.Object.$anonfun$deriveAndLocal$7(Lsbt/internal/util/Init$Derived$1;)Lscala/Tuple2;> (0x00000000e00f71c8) thrown at [C:\re\workspace\8-2-build-windows-amd64-cygwin\jdk8u191\11896\hotspot\src\share\vm\in
Event: 5.239 Thread 0x0000000002aae000 Exception <a 'java/lang/NoSuchMethodError': java.lang.Object.$anonfun$deriveAndLocal$8(Lscala/collection/mutable/HashSet;Lsbt/internal/util/Init$Setting;)Lscala/collection/mutable/HashSet;> (0x00000000e00fd010) thrown at [C:\re\workspace\8-2-build-windows
Event: 5.243 Thread 0x0000000002aae000 Exception <a 'java/lang/NoSuchMethodError': java.lang.Object.$anonfun$deriveAndLocal$11(Lsbt/internal/util/Init;Lscala/Function1;Lscala/Function1;Lscala/collection/mutable/HashMap;Lscala/collection/mutable/HashSet;Lsbt/internal/util/Init$ScopedKey;)Lscala
Event: 5.244 Thread 0x0000000002aae000 Exception <a 'java/lang/NoSuchMethodError': java.lang.Object.$anonfun$deriveAndLocal$13(Lsbt/internal/util/Init;Lscala/Function1;Lscala/Function1;Lscala/collection/mutable/HashSet;Ljava/lang/Object;Lsbt/internal/util/Init$Derived$1;)Lscala/collection/Seq;
Event: 5.247 Thread 0x0000000002aae000 Exception <a 'java/lang/NoSuchMethodError': java.lang.Object.$anonfun$deriveAndLocal$10$adapted(Lsbt/internal/util/Init;Lscala/Function1;Lscala/collection/mutable/HashSet;Ljava/lang/Object;Lscala/collection/immutable/Set;Lsbt/internal/util/AttributeKey;)L
Event: 5.247 Thread 0x0000000002aae000 Exception <a 'java/lang/NoSuchMethodError': java.lang.Object.$anonfun$deriveAndLocal$9$adapted(Lsbt/internal/util/Init;Lscala/collection/mutable/HashSet;Lsbt/internal/util/AttributeKey;Ljava/lang/Object;)Ljava/lang/Object;> (0x00000000e013a088) thrown at 
Event: 5.247 Thread 0x0000000002aae000 Exception <a 'java/lang/NoSuchMethodError': java.lang.Object.$anonfun$deriveAndLocal$12()Lscala/collection/immutable/Nil$;> (0x00000000e013fea8) thrown at [C:\re\workspace\8-2-build-windows-amd64-cygwin\jdk8u191\11896\hotspot\src\share\vm\interpreter\link
Event: 5.252 Thread 0x0000000002aae000 Exception <a 'java/lang/NoSuchMethodError': java.lang.Object.$anonfun$foldStrict$1(Ljava/lang/Object;)Ljava/lang/Object;> (0x00000000e0161788) thrown at [C:\re\workspace\8-2-build-windows-amd64-cygwin\jdk8u191\11896\hotspot\src\share\vm\interpreter\linkRe
Event: 5.253 Thread 0x0000000002aae000 Exception <a 'java/lang/NoSuchMethodError': java.lang.Object.$anonfun$foldStrict$2(Ljava/lang/Object;)Ljava/lang/Object;> (0x00000000e0165018) thrown at [C:\re\workspace\8-2-build-windows-amd64-cygwin\jdk8u191\11896\hotspot\src\share\vm\interpreter\linkRe

Events (10 events):
Event: 5.253 loading class scala/Function0
Event: 5.253 loading class scala/Function0 done
Event: 5.253 loading class sbt/ResolvedReference
Event: 5.253 loading class sbt/ResolvedReference done
Event: 5.253 loading class sbt/ResolvedReference
Event: 5.253 loading class sbt/ResolvedReference done
Event: 5.253 loading class sbt/ResolvedReference
Event: 5.253 loading class sbt/ResolvedReference done
Event: 5.256 Thread 0x0000000002aae000 DEOPT PACKING pc=0x00000000037a089d sp=0x0000000002a4c260
Event: 5.256 Thread 0x0000000002aae000 DEOPT UNPACKING pc=0x0000000002bf7890 sp=0x0000000002a4bfd8 mode 0


Dynamic libraries:
0x00007ff7e3420000 - 0x00007ff7e3457000 	D:\JAVA\jdk\bin\java.exe
0x00007ffdaebd0000 - 0x00007ffdaedbd000 	C:\WINDOWS\SYSTEM32\ntdll.dll
0x00007ffdac430000 - 0x00007ffdac4e3000 	C:\WINDOWS\System32\KERNEL32.DLL
0x00007ffdaaf40000 - 0x00007ffdab1d3000 	C:\WINDOWS\System32\KERNELBASE.dll
0x00007ffdadf30000 - 0x00007ffdadfd3000 	C:\WINDOWS\System32\ADVAPI32.dll
0x00007ffdaea10000 - 0x00007ffdaeaae000 	C:\WINDOWS\System32\msvcrt.dll
0x00007ffdac120000 - 0x00007ffdac1be000 	C:\WINDOWS\System32\sechost.dll
0x00007ffdabe00000 - 0x00007ffdabf22000 	C:\WINDOWS\System32\RPCRT4.dll
0x00007ffdac1c0000 - 0x00007ffdac357000 	C:\WINDOWS\System32\USER32.dll
0x00007ffdabb10000 - 0x00007ffdabb30000 	C:\WINDOWS\System32\win32u.dll
0x00007ffdadfe0000 - 0x00007ffdae009000 	C:\WINDOWS\System32\GDI32.dll
0x00007ffdaada0000 - 0x00007ffdaaf39000 	C:\WINDOWS\System32\gdi32full.dll
0x00007ffdabb30000 - 0x00007ffdabbd0000 	C:\WINDOWS\System32\msvcp_win.dll
0x00007ffdaaca0000 - 0x00007ffdaad9a000 	C:\WINDOWS\System32\ucrtbase.dll
0x00007ffd90bc0000 - 0x00007ffd90e39000 	C:\WINDOWS\WinSxS\amd64_microsoft.windows.common-controls_6595b64144ccf1df_6.0.17763.615_none_05b4414a072024d4\COMCTL32.dll
0x00007ffdadb90000 - 0x00007ffdadebc000 	C:\WINDOWS\System32\combase.dll
0x00007ffdab2f0000 - 0x00007ffdab36e000 	C:\WINDOWS\System32\bcryptPrimitives.dll
0x00007ffdabf30000 - 0x00007ffdabf5e000 	C:\WINDOWS\System32\IMM32.DLL
0x000000005d730000 - 0x000000005d802000 	D:\JAVA\jdk\jre\bin\msvcr100.dll
0x000000005ce80000 - 0x000000005d724000 	D:\JAVA\jdk\jre\bin\server\jvm.dll
0x00007ffdac110000 - 0x00007ffdac118000 	C:\WINDOWS\System32\PSAPI.DLL
0x00007ffda2890000 - 0x00007ffda289a000 	C:\WINDOWS\SYSTEM32\VERSION.dll
0x00007ffda8440000 - 0x00007ffda8464000 	C:\WINDOWS\SYSTEM32\WINMM.dll
0x00007ffda8330000 - 0x00007ffda835d000 	C:\WINDOWS\SYSTEM32\winmmbase.dll
0x00007ffdabbd0000 - 0x00007ffdabc1a000 	C:\WINDOWS\System32\cfgmgr32.dll
0x00007ffd8b220000 - 0x00007ffd8b229000 	C:\WINDOWS\SYSTEM32\WSOCK32.dll
0x00007ffdadec0000 - 0x00007ffdadf2d000 	C:\WINDOWS\System32\WS2_32.dll
0x000000005e840000 - 0x000000005e84f000 	D:\JAVA\jdk\jre\bin\verify.dll
0x000000005e810000 - 0x000000005e839000 	D:\JAVA\jdk\jre\bin\java.dll
0x000000005e7f0000 - 0x000000005e806000 	D:\JAVA\jdk\jre\bin\zip.dll
0x00007ffdac6a0000 - 0x00007ffdadb90000 	C:\WINDOWS\System32\SHELL32.dll
0x00007ffdac380000 - 0x00007ffdac428000 	C:\WINDOWS\System32\shcore.dll
0x00007ffdab3c0000 - 0x00007ffdabb0a000 	C:\WINDOWS\System32\windows.storage.dll
0x00007ffdaabf0000 - 0x00007ffdaac14000 	C:\WINDOWS\System32\profapi.dll
0x00007ffdaac40000 - 0x00007ffdaac9d000 	C:\WINDOWS\System32\powrprof.dll
0x00007ffdaeb40000 - 0x00007ffdaeb92000 	C:\WINDOWS\System32\shlwapi.dll
0x00007ffdaac20000 - 0x00007ffdaac31000 	C:\WINDOWS\System32\kernel.appcore.dll
0x00007ffdab370000 - 0x00007ffdab387000 	C:\WINDOWS\System32\cryptsp.dll
0x000000005e7d0000 - 0x000000005e7ea000 	D:\JAVA\jdk\jre\bin\net.dll
0x00007ffdaa440000 - 0x00007ffdaa4a7000 	C:\WINDOWS\system32\mswsock.dll
0x000000005e7b0000 - 0x000000005e7c1000 	D:\JAVA\jdk\jre\bin\nio.dll
0x00007ffdaa000000 - 0x00007ffdaa033000 	C:\WINDOWS\system32\rsaenh.dll
0x00007ffdab390000 - 0x00007ffdab3b6000 	C:\WINDOWS\System32\bcrypt.dll
0x00007ffdaaad0000 - 0x00007ffdaaaf8000 	C:\WINDOWS\SYSTEM32\USERENV.dll
0x00007ffdaa610000 - 0x00007ffdaa61c000 	C:\WINDOWS\SYSTEM32\CRYPTBASE.dll
0x00007ffdaa1a0000 - 0x00007ffdaa1dd000 	C:\WINDOWS\SYSTEM32\IPHLPAPI.DLL
0x00007ffdaeb30000 - 0x00007ffdaeb38000 	C:\WINDOWS\System32\NSI.dll
0x00007ffda1c20000 - 0x00007ffda1c36000 	C:\WINDOWS\SYSTEM32\dhcpcsvc6.DLL
0x00007ffda19f0000 - 0x00007ffda1a0c000 	C:\WINDOWS\SYSTEM32\dhcpcsvc.DLL
0x00007ffdaa1e0000 - 0x00007ffdaa2a6000 	C:\WINDOWS\SYSTEM32\DNSAPI.dll
0x00007ffda8a00000 - 0x00007ffda8a0a000 	C:\Users\MX\AppData\Local\Temp\jansi-64-1-1027993100277288278.11
0x000000005ce70000 - 0x000000005ce7d000 	D:\JAVA\jdk\jre\bin\management.dll
0x00007ffd92d10000 - 0x00007ffd92d26000 	C:\WINDOWS\system32\napinsp.dll
0x00007ffd90a00000 - 0x00007ffd90a1a000 	C:\WINDOWS\system32\pnrpnsp.dll
0x00007ffd983b0000 - 0x00007ffd983be000 	C:\WINDOWS\System32\winrnr.dll
0x00007ffda6f70000 - 0x00007ffda6f8b000 	C:\WINDOWS\system32\NLAapi.dll
0x00007ffd9f100000 - 0x00007ffd9f115000 	C:\WINDOWS\system32\wshbth.dll
0x00007ffd9db80000 - 0x00007ffd9db8a000 	C:\Windows\System32\rasadhlp.dll
0x00007ffd9dbf0000 - 0x00007ffd9dc69000 	C:\WINDOWS\System32\fwpuclnt.dll

VM Arguments:
jvm_args: -Djline.terminal=jline.UnsupportedTerminal -Dsbt.log.noformat=true -Dfile.encoding=UTF-8 -Xmx1536M -Dsbt.override.build.repos=true -Dsbt.repository.config=C:/Users/MX/.sbt/repo.properties -Didea.managed=true -Dfile.encoding=UTF-8 
java_command: C:/Users/MX/.IntelliJIdea2018.1/config/plugins/Scala/launcher/sbt-launch.jar
java_class_path (initial): C:/Users/MX/.IntelliJIdea2018.1/config/plugins/Scala/launcher/sbt-launch.jar
Launcher Type: SUN_STANDARD

Environment Variables:
JAVA_HOME=D:\JAVA\jdk
CLASSPATH=.;D:\JAVA\jdk\lib\dt.jar;D:\JAVA\jdk\lib\tools.jar
PATH=E:\app\MX\product\11.2.0\client_3\bin;E:\app\MX\product\11.2.0\client_2;E:\app\MX\product\11.2.0\client_1\bin;C:\Program Files (x86)\Common Files\Oracle\Java\javapath;C:\Program Files (x86)\Intel\Intel(R) Management Engine Components\iCLS\;C:\Program Files\Intel\Intel(R) Management Engine Components\iCLS\;C:\Windows\system32;C:\Windows;C:\Windows\System32\Wbem;C:\Windows\System32\WindowsPowerShell\v1.0\;C:\Program Files (x86)\Intel\Intel(R) Management Engine Components\DAL;C:\Program Files\Intel\Intel(R) Management Engine Components\DAL;C:\Program Files (x86)\Intel\Intel(R) Management Engine Components\IPT;C:\Program Files\Intel\Intel(R) Management Engine Components\IPT;C:\Program Files (x86)\NVIDIA Corporation\PhysX\Common;D:\MySQL\bin;D:\Git\cmd;C:\Program Files\Intel\WiFi\bin\;C:\Program Files\Common Files\Intel\WirelessCommon\;C:\WINDOWS\system32;C:\WINDOWS;C:\WINDOWS\System32\Wbem;C:\WINDOWS\System32\WindowsPowerShell\v1.0\;C:\WINDOWS\System32\OpenSSH\;D:\node\;D:\node\node_modules;D:\node\node_modules\npm;D:\node\node_modules\npm\node_cache;D:\node\node_modules\npm\node_global_modules;F:\scala\bin;F:\hadoop-2.7.6\bin;F:\spark-2.4.0-bin-hadoop2.7\bin;F:\anaconda;F:\anaconda\Library\mingw-w64\bin;F:\anaconda\Library\usr\bin;F:\anaconda\Library\bin;F:\anaconda\Scripts;C:\Users\MX\AppData\Local\Microsoft\WindowsApps;C:\Program Files\Intel\WiFi\bin\;C:\Program Files\Common Files\Intel\WirelessCommon\;D:\JAVA\jdk\bin;D:\JAVA\jdk\jre\bin;D:\apache-maven-3.5.2\bin;
USERNAME=MX
OS=Windows_NT
PROCESSOR_IDENTIFIER=Intel64 Family 6 Model 158 Stepping 10, GenuineIntel



---------------  S Y S T E M  ---------------

OS: Windows 10.0 , 64 bit Build 17763 (10.0.17763.475)

CPU:total 12 (initial active 12) (6 cores per cpu, 2 threads per core) family 6 model 158 stepping 10, cmov, cx8, fxsr, mmx, sse, sse2, sse3, ssse3, sse4.1, sse4.2, popcnt, avx, avx2, aes, clmul, erms, 3dnowpref, lzcnt, ht, tsc, tscinvbit, bmi1, bmi2, adx

Memory: 4k page, physical 16628848k(3889688k free), swap 18726000k(20648k free)

vm_info: Java HotSpot(TM) 64-Bit Server VM (25.191-b12) for windows-amd64 JRE (1.8.0_191-b12), built on Oct  6 2018 09:29:03 by "java_re" with MS VC++ 10.0 (VS2010)

time: Mon Jul 22 08:51:40 2019
elapsed time: 5 seconds (0d 0h 0m 5s)

