#
# There is insufficient memory for the Java Runtime Environment to continue.
# Native memory allocation (malloc) failed to allocate 106016 bytes for Chunk::new
# Possible reasons:
#   The system is out of physical RAM or swap space
#   In 32 bit mode, the process size limit was hit
# Possible solutions:
#   Reduce memory load on the system
#   Increase physical memory or swap space
#   Check if swap backing store is full
#   Use 64 bit Java on a 64 bit OS
#   Decrease Java heap size (-Xmx/-Xms)
#   Decrease number of Java threads
#   Decrease Java thread stack sizes (-Xss)
#   Set larger code cache with -XX:ReservedCodeCacheSize=
# This output file may be truncated or incomplete.
#
#  Out of Memory Error (allocation.cpp:390), pid=1336, tid=0x0000000000000bb8
#
# JRE version: Java(TM) SE Runtime Environment (8.0_191-b12) (build 1.8.0_191-b12)
# Java VM: Java HotSpot(TM) 64-Bit Server VM (25.191-b12 mixed mode windows-amd64 compressed oops)
# Failed to write core dump. Minidumps are not enabled by default on client versions of Windows
#

---------------  T H R E A D  ---------------

Current thread (0x0000000018b53000):  JavaThread "C2 CompilerThread2" daemon [_thread_in_native, id=3000, stack(0x000000001a250000,0x000000001a350000)]

Stack: [0x000000001a250000,0x000000001a350000]
[error occurred during error reporting (printing stack bounds), id 0xc0000005]

Native frames: (J=compiled Java code, j=interpreted, Vv=VM code, C=native code)


Current CompileTask:
C2:   6339 5544       4       scala.collection.mutable.HashTable::findEntry0 (44 bytes)


---------------  P R O C E S S  ---------------

Java Threads: ( => current thread )
  0x0000000020b6e000 JavaThread "pool-3-thread-13" [_thread_blocked, id=16364, stack(0x00000000256a0000,0x00000000257a0000)]
  0x0000000020b70000 JavaThread "pool-3-thread-12" [_thread_blocked, id=25420, stack(0x00000000255a0000,0x00000000256a0000)]
  0x0000000020b6b000 JavaThread "pool-3-thread-11" [_thread_blocked, id=15188, stack(0x00000000254a0000,0x00000000255a0000)]
  0x0000000020b6b800 JavaThread "pool-3-thread-10" [_thread_blocked, id=24716, stack(0x00000000253a0000,0x00000000254a0000)]
  0x000000001c33c000 JavaThread "pool-3-thread-9" [_thread_blocked, id=5528, stack(0x00000000252a0000,0x00000000253a0000)]
  0x000000001c33b000 JavaThread "pool-3-thread-8" [_thread_blocked, id=2372, stack(0x00000000251a0000,0x00000000252a0000)]
  0x000000001c33a800 JavaThread "pool-3-thread-7" [_thread_blocked, id=21264, stack(0x00000000250a0000,0x00000000251a0000)]
  0x000000001c339800 JavaThread "pool-3-thread-6" [_thread_blocked, id=25692, stack(0x0000000024fa0000,0x00000000250a0000)]
  0x000000001c338000 JavaThread "pool-3-thread-5" [_thread_blocked, id=24020, stack(0x0000000024ea0000,0x0000000024fa0000)]
  0x000000001c33d800 JavaThread "pool-3-thread-4" [_thread_in_vm, id=17992, stack(0x0000000024da0000,0x0000000024ea0000)]
  0x000000001c33f000 JavaThread "pool-3-thread-3" [_thread_blocked, id=20968, stack(0x0000000024ca0000,0x0000000024da0000)]
  0x000000001c33c800 JavaThread "pool-3-thread-2" [_thread_blocked, id=21060, stack(0x0000000024ba0000,0x0000000024ca0000)]
  0x000000001c33e000 JavaThread "pool-3-thread-1" [_thread_blocked, id=5892, stack(0x0000000024aa0000,0x0000000024ba0000)]
  0x000000001c8d7000 JavaThread "Log4j2-TF-1-AsyncLogger[AsyncContext@5702b3b1]-1" daemon [_thread_blocked, id=8824, stack(0x000000001d8a0000,0x000000001d9a0000)]
  0x0000000018b63000 JavaThread "Service Thread" daemon [_thread_blocked, id=15700, stack(0x000000001a450000,0x000000001a550000)]
  0x0000000018b55000 JavaThread "C1 CompilerThread3" daemon [_thread_in_vm, id=25124, stack(0x000000001a350000,0x000000001a450000)]
=>0x0000000018b53000 JavaThread "C2 CompilerThread2" daemon [_thread_in_native, id=3000, stack(0x000000001a250000,0x000000001a350000)]
  0x00000000173fe800 JavaThread "C2 CompilerThread1" daemon [_thread_blocked, id=3824, stack(0x000000001a150000,0x000000001a250000)]
  0x0000000018af6000 JavaThread "C2 CompilerThread0" daemon [_thread_in_native, id=24924, stack(0x000000001a050000,0x000000001a150000)]
  0x0000000018af3000 JavaThread "Attach Listener" daemon [_thread_blocked, id=1304, stack(0x0000000019f50000,0x000000001a050000)]
  0x0000000018b4a000 JavaThread "Signal Dispatcher" daemon [_thread_blocked, id=21792, stack(0x0000000019e50000,0x0000000019f50000)]
  0x000000000342a000 JavaThread "Finalizer" daemon [_thread_blocked, id=17236, stack(0x0000000019d50000,0x0000000019e50000)]
  0x00000000173ed800 JavaThread "Reference Handler" daemon [_thread_blocked, id=25196, stack(0x0000000019c50000,0x0000000019d50000)]
  0x0000000002e9e000 JavaThread "main" [_thread_blocked, id=24240, stack(0x0000000003230000,0x0000000003330000)]

Other Threads:
  0x00000000173e5800 VMThread [stack: 0x0000000019b50000,0x0000000019c50000] [id=21568]
  0x0000000018b65000 WatcherThread [stack: 0x000000001a550000,0x000000001a650000] [id=25676]

VM state:not at safepoint (normal execution)

VM Mutex/Monitor currently owned by a thread: None

Heap:
 PSYoungGen      total 119808K, used 84338K [0x00000000e0000000, 0x00000000e9d00000, 0x0000000100000000)
  eden space 109056K, 77% used [0x00000000e0000000,0x00000000e525caf0,0x00000000e6a80000)
  from space 10752K, 0% used [0x00000000e6a80000,0x00000000e6a80000,0x00000000e7500000)
  to   space 23552K, 0% used [0x00000000e8600000,0x00000000e8600000,0x00000000e9d00000)
 ParOldGen       total 160256K, used 34743K [0x00000000a0000000, 0x00000000a9c80000, 0x00000000e0000000)
  object space 160256K, 21% used [0x00000000a0000000,0x00000000a21edd00,0x00000000a9c80000)
 Metaspace       used 59731K, capacity 66863K, committed 66944K, reserved 1107968K
  class space    used 8619K, capacity 9066K, committed 9088K, reserved 1048576K

Card table byte_map: [0x00000000127f0000,0x0000000012b00000] byte_map_base: 0x00000000122f0000

Marking Bits: (ParMarkBitMap*) 0x000000005d6a3e30
 Begin Bits: [0x0000000013700000, 0x0000000014f00000)
 End Bits:   [0x0000000014f00000, 0x0000000016700000)

Polling page: 0x0000000000f00000

CodeCache: size=245760Kb used=13392Kb max_used=14164Kb free=232367Kb
 bounds [0x0000000003430000, 0x0000000004210000, 0x0000000012430000]
 total_blobs=5563 nmethods=4974 adapters=499
 compilation: enabled

Compilation events (10 events):
Event: 6.337 Thread 0x0000000018b55000 5534       1       sjsonnew.UnbuilderContext$ArrayContext::elements (5 bytes)
Event: 6.337 Thread 0x0000000018b55000 nmethod 5534 0x000000000398f890 code [0x000000000398f9e0, 0x000000000398faf0]
Event: 6.337 Thread 0x0000000018b55000 5540       1       sjsonnew.shaded.scalajson.ast.unsafe.JString::value (5 bytes)
Event: 6.337 Thread 0x0000000018b55000 nmethod 5540 0x000000000398f5d0 code [0x000000000398f720, 0x000000000398f830]
Event: 6.337 Thread 0x0000000018b55000 5541       1       sjsonnew.UnbuilderContext$ArrayContext::idx (5 bytes)
Event: 6.338 Thread 0x0000000018b55000 nmethod 5541 0x000000000398f310 code [0x000000000398f460, 0x000000000398f570]
Event: 6.338 Thread 0x0000000018b55000 5547       3       scala.collection.TraversableOnce::toVector$ (5 bytes)
Event: 6.338 Thread 0x0000000018b55000 nmethod 5547 0x000000000398d4d0 code [0x000000000398d660, 0x000000000398dc08]
Event: 6.338 Thread 0x0000000018b55000 5548       3       scala.collection.TraversableOnce::toVector (16 bytes)
Event: 6.338 Thread 0x00000000173fe800 nmethod 5546 0x0000000003c7b750 code [0x0000000003c7b8a0, 0x0000000003c7b938]

GC Heap History (10 events):
Event: 3.432 GC heap before
{Heap before GC invocations=4 (full 1):
 PSYoungGen      total 75776K, used 65024K [0x00000000e0000000, 0x00000000e9400000, 0x0000000100000000)
  eden space 65024K, 100% used [0x00000000e0000000,0x00000000e3f80000,0x00000000e3f80000)
  from space 10752K, 0% used [0x00000000e4a00000,0x00000000e4a00000,0x00000000e5480000)
  to   space 10752K, 0% used [0x00000000e3f80000,0x00000000e3f80000,0x00000000e4a00000)
 ParOldGen       total 92672K, used 6515K [0x00000000a0000000, 0x00000000a5a80000, 0x00000000e0000000)
  object space 92672K, 7% used [0x00000000a0000000,0x00000000a065cff0,0x00000000a5a80000)
 Metaspace       used 33625K, capacity 35364K, committed 35416K, reserved 1079296K
  class space    used 4863K, capacity 5120K, committed 5120K, reserved 1048576K
Event: 3.449 GC heap after
Heap after GC invocations=4 (full 1):
 PSYoungGen      total 75776K, used 10749K [0x00000000e0000000, 0x00000000e8080000, 0x0000000100000000)
  eden space 65024K, 0% used [0x00000000e0000000,0x00000000e0000000,0x00000000e3f80000)
  from space 10752K, 99% used [0x00000000e3f80000,0x00000000e49ff6f0,0x00000000e4a00000)
  to   space 10752K, 0% used [0x00000000e7600000,0x00000000e7600000,0x00000000e8080000)
 ParOldGen       total 92672K, used 8609K [0x00000000a0000000, 0x00000000a5a80000, 0x00000000e0000000)
  object space 92672K, 9% used [0x00000000a0000000,0x00000000a0868620,0x00000000a5a80000)
 Metaspace       used 33625K, capacity 35364K, committed 35416K, reserved 1079296K
  class space    used 4863K, capacity 5120K, committed 5120K, reserved 1048576K
}
Event: 3.449 GC heap before
{Heap before GC invocations=5 (full 2):
 PSYoungGen      total 75776K, used 10749K [0x00000000e0000000, 0x00000000e8080000, 0x0000000100000000)
  eden space 65024K, 0% used [0x00000000e0000000,0x00000000e0000000,0x00000000e3f80000)
  from space 10752K, 99% used [0x00000000e3f80000,0x00000000e49ff6f0,0x00000000e4a00000)
  to   space 10752K, 0% used [0x00000000e7600000,0x00000000e7600000,0x00000000e8080000)
 ParOldGen       total 92672K, used 8609K [0x00000000a0000000, 0x00000000a5a80000, 0x00000000e0000000)
  object space 92672K, 9% used [0x00000000a0000000,0x00000000a0868620,0x00000000a5a80000)
 Metaspace       used 33625K, capacity 35364K, committed 35416K, reserved 1079296K
  class space    used 4863K, capacity 5120K, committed 5120K, reserved 1048576K
Event: 3.524 GC heap after
Heap after GC invocations=5 (full 2):
 PSYoungGen      total 75776K, used 0K [0x00000000e0000000, 0x00000000e8080000, 0x0000000100000000)
  eden space 65024K, 0% used [0x00000000e0000000,0x00000000e0000000,0x00000000e3f80000)
  from space 10752K, 0% used [0x00000000e3f80000,0x00000000e3f80000,0x00000000e4a00000)
  to   space 10752K, 0% used [0x00000000e7600000,0x00000000e7600000,0x00000000e8080000)
 ParOldGen       total 160256K, used 18259K [0x00000000a0000000, 0x00000000a9c80000, 0x00000000e0000000)
  object space 160256K, 11% used [0x00000000a0000000,0x00000000a11d4f00,0x00000000a9c80000)
 Metaspace       used 33625K, capacity 35364K, committed 35416K, reserved 1079296K
  class space    used 4863K, capacity 5120K, committed 5120K, reserved 1048576K
}
Event: 4.473 GC heap before
{Heap before GC invocations=6 (full 2):
 PSYoungGen      total 75776K, used 64589K [0x00000000e0000000, 0x00000000e8080000, 0x0000000100000000)
  eden space 65024K, 99% used [0x00000000e0000000,0x00000000e3f135c8,0x00000000e3f80000)
  from space 10752K, 0% used [0x00000000e3f80000,0x00000000e3f80000,0x00000000e4a00000)
  to   space 10752K, 0% used [0x00000000e7600000,0x00000000e7600000,0x00000000e8080000)
 ParOldGen       total 160256K, used 18259K [0x00000000a0000000, 0x00000000a9c80000, 0x00000000e0000000)
  object space 160256K, 11% used [0x00000000a0000000,0x00000000a11d4f00,0x00000000a9c80000)
 Metaspace       used 43083K, capacity 46072K, committed 46336K, reserved 1089536K
  class space    used 6093K, capacity 6361K, committed 6400K, reserved 1048576K
Event: 4.481 GC heap after
Heap after GC invocations=6 (full 2):
 PSYoungGen      total 95232K, used 9648K [0x00000000e0000000, 0x00000000e7f80000, 0x0000000100000000)
  eden space 85504K, 0% used [0x00000000e0000000,0x00000000e0000000,0x00000000e5380000)
  from space 9728K, 99% used [0x00000000e7600000,0x00000000e7f6c3a0,0x00000000e7f80000)
  to   space 10752K, 0% used [0x00000000e6a80000,0x00000000e6a80000,0x00000000e7500000)
 ParOldGen       total 160256K, used 18267K [0x00000000a0000000, 0x00000000a9c80000, 0x00000000e0000000)
  object space 160256K, 11% used [0x00000000a0000000,0x00000000a11d6f00,0x00000000a9c80000)
 Metaspace       used 43083K, capacity 46072K, committed 46336K, reserved 1089536K
  class space    used 6093K, capacity 6361K, committed 6400K, reserved 1048576K
}
Event: 5.476 GC heap before
{Heap before GC invocations=7 (full 2):
 PSYoungGen      total 95232K, used 93340K [0x00000000e0000000, 0x00000000e7f80000, 0x0000000100000000)
  eden space 85504K, 97% used [0x00000000e0000000,0x00000000e51bb000,0x00000000e5380000)
  from space 9728K, 99% used [0x00000000e7600000,0x00000000e7f6c3a0,0x00000000e7f80000)
  to   space 10752K, 0% used [0x00000000e6a80000,0x00000000e6a80000,0x00000000e7500000)
 ParOldGen       total 160256K, used 18267K [0x00000000a0000000, 0x00000000a9c80000, 0x00000000e0000000)
  object space 160256K, 11% used [0x00000000a0000000,0x00000000a11d6f00,0x00000000a9c80000)
 Metaspace       used 53447K, capacity 58955K, committed 59028K, reserved 1099776K
  class space    used 7526K, capacity 7863K, committed 7936K, reserved 1048576K
Event: 5.495 GC heap after
Heap after GC invocations=7 (full 2):
 PSYoungGen      total 119808K, used 10730K [0x00000000e0000000, 0x00000000e9d00000, 0x0000000100000000)
  eden space 109056K, 0% used [0x00000000e0000000,0x00000000e0000000,0x00000000e6a80000)
  from space 10752K, 99% used [0x00000000e6a80000,0x00000000e74fa898,0x00000000e7500000)
  to   space 23552K, 0% used [0x00000000e8600000,0x00000000e8600000,0x00000000e9d00000)
 ParOldGen       total 160256K, used 32033K [0x00000000a0000000, 0x00000000a9c80000, 0x00000000e0000000)
  object space 160256K, 19% used [0x00000000a0000000,0x00000000a1f48638,0x00000000a9c80000)
 Metaspace       used 53447K, capacity 58955K, committed 59028K, reserved 1099776K
  class space    used 7526K, capacity 7863K, committed 7936K, reserved 1048576K
}
Event: 5.495 GC heap before
{Heap before GC invocations=8 (full 3):
 PSYoungGen      total 119808K, used 10730K [0x00000000e0000000, 0x00000000e9d00000, 0x0000000100000000)
  eden space 109056K, 0% used [0x00000000e0000000,0x00000000e0000000,0x00000000e6a80000)
  from space 10752K, 99% used [0x00000000e6a80000,0x00000000e74fa898,0x00000000e7500000)
  to   space 23552K, 0% used [0x00000000e8600000,0x00000000e8600000,0x00000000e9d00000)
 ParOldGen       total 160256K, used 32033K [0x00000000a0000000, 0x00000000a9c80000, 0x00000000e0000000)
  object space 160256K, 19% used [0x00000000a0000000,0x00000000a1f48638,0x00000000a9c80000)
 Metaspace       used 53447K, capacity 58955K, committed 59028K, reserved 1099776K
  class space    used 7526K, capacity 7863K, committed 7936K, reserved 1048576K
Event: 5.604 GC heap after
Heap after GC invocations=8 (full 3):
 PSYoungGen      total 119808K, used 0K [0x00000000e0000000, 0x00000000e9d00000, 0x0000000100000000)
  eden space 109056K, 0% used [0x00000000e0000000,0x00000000e0000000,0x00000000e6a80000)
  from space 10752K, 0% used [0x00000000e6a80000,0x00000000e6a80000,0x00000000e7500000)
  to   space 23552K, 0% used [0x00000000e8600000,0x00000000e8600000,0x00000000e9d00000)
 ParOldGen       total 160256K, used 34743K [0x00000000a0000000, 0x00000000a9c80000, 0x00000000e0000000)
  object space 160256K, 21% used [0x00000000a0000000,0x00000000a21edd00,0x00000000a9c80000)
 Metaspace       used 53441K, capacity 58945K, committed 59028K, reserved 1099776K
  class space    used 7525K, capacity 7861K, committed 7936K, reserved 1048576K
}

Deoptimization events (10 events):
Event: 6.164 Thread 0x000000001c33d800 Uncommon trap: reason=class_check action=maybe_recompile pc=0x0000000003e9b868 method=scala.collection.mutable.HashTable.addEntry0(Lscala/collection/mutable/HashEntry;I)V @ 2
Event: 6.234 Thread 0x000000001c33d800 Uncommon trap: reason=unstable_if action=reinterpret pc=0x0000000003b59608 method=sun.nio.cs.UTF_8$Decoder.decodeArrayLoop(Ljava/nio/ByteBuffer;Ljava/nio/CharBuffer;)Ljava/nio/charset/CoderResult; @ 110
Event: 6.256 Thread 0x000000001c33d800 Uncommon trap: reason=array_check action=maybe_recompile pc=0x0000000003bc776c method=scala.runtime.ScalaRunTime$.array_update(Ljava/lang/Object;ILjava/lang/Object;)V @ 13
Event: 6.256 Thread 0x000000001c33d800 Uncommon trap: reason=array_check action=maybe_recompile pc=0x0000000003bc776c method=scala.runtime.ScalaRunTime$.array_update(Ljava/lang/Object;ILjava/lang/Object;)V @ 13
Event: 6.256 Thread 0x000000001c33d800 Uncommon trap: reason=array_check action=maybe_recompile pc=0x0000000003bc776c method=scala.runtime.ScalaRunTime$.array_update(Ljava/lang/Object;ILjava/lang/Object;)V @ 13
Event: 6.256 Thread 0x000000001c33d800 Uncommon trap: reason=array_check action=maybe_recompile pc=0x0000000003bc776c method=scala.runtime.ScalaRunTime$.array_update(Ljava/lang/Object;ILjava/lang/Object;)V @ 13
Event: 6.310 Thread 0x000000001c33d800 Uncommon trap: reason=class_check action=maybe_recompile pc=0x0000000003e9b868 method=scala.collection.mutable.HashTable.addEntry0(Lscala/collection/mutable/HashEntry;I)V @ 2
Event: 6.311 Thread 0x000000001c33d800 Uncommon trap: reason=unstable_if action=reinterpret pc=0x0000000003dde18c method=sun.invoke.util.VerifyAccess.isSamePackage(Ljava/lang/Class;Ljava/lang/Class;)Z @ 101
Event: 6.319 Thread 0x000000001c33d800 Uncommon trap: reason=unstable_if action=reinterpret pc=0x00000000040492c8 method=java.util.HashMap.hash(Ljava/lang/Object;)I @ 1
Event: 6.320 Thread 0x000000001c33d800 Uncommon trap: reason=unstable_if action=reinterpret pc=0x000000000377ef28 method=java.util.HashMap.hash(Ljava/lang/Object;)I @ 1

Classes redefined (0 events):
No events

Internal exceptions (10 events):
Event: 6.172 Thread 0x000000001c33d800 Exception <a 'java/lang/NoSuchMethodError': java.lang.Object.$anonfun$printJArray$1(Ljava/lang/StringBuilder;)V> (0x00000000e3345578) thrown at [C:\re\workspace\8-2-build-windows-amd64-cygwin\jdk8u191\11896\hotspot\src\share\vm\interpreter\linkResolver.cp
Event: 6.172 Thread 0x000000001c33d800 Exception <a 'java/lang/NoSuchMethodError': java.lang.Object.$anonfun$printJArray$2$adapted(Lsjsonnew/support/scalajson/unsafe/CompactPrinter;Ljava/lang/StringBuilder;Lsjsonnew/shaded/scalajson/ast/unsafe/JValue;)Ljava/lang/Object;> (0x00000000e3349228) t
Event: 6.207 Thread 0x000000001c33d800 Exception <a 'java/lang/NoSuchMethodError': java.lang.Object.$anonfun$arrayFormat$1(Ljava/lang/Object;)Lscala/collection/immutable/List;> (0x00000000e35e07e0) thrown at [C:\re\workspace\8-2-build-windows-amd64-cygwin\jdk8u191\11896\hotspot\src\share\vm\in
Event: 6.207 Thread 0x000000001c33d800 Exception <a 'java/lang/NoSuchMethodError': java.lang.Object.$anonfun$arrayFormat$2(Lscala/reflect/ClassTag;Lscala/collection/immutable/List;)Ljava/lang/Object;> (0x00000000e35e40a8) thrown at [C:\re\workspace\8-2-build-windows-amd64-cygwin\jdk8u191\11896
Event: 6.229 Thread 0x000000001c33d800 Exception <a 'java/lang/NoSuchMethodError': java.lang.Object.$anonfun$LogicalClockFormat$1(Lsbt/librarymanagement/LogicalClock;)Ljava/lang/String;> (0x00000000e36db498) thrown at [C:\re\workspace\8-2-build-windows-amd64-cygwin\jdk8u191\11896\hotspot\src\s
Event: 6.229 Thread 0x000000001c33d800 Exception <a 'java/lang/NoSuchMethodError': java.lang.Object.$anonfun$LogicalClockFormat$2(Ljava/lang/String;)Lsbt/librarymanagement/LogicalClock;> (0x00000000e36e0630) thrown at [C:\re\workspace\8-2-build-windows-amd64-cygwin\jdk8u191\11896\hotspot\src\s
Event: 6.230 Thread 0x000000001c33d800 Exception <a 'sun/nio/fs/WindowsException'> (0x00000000e36e4dd8) thrown at [C:\re\workspace\8-2-build-windows-amd64-cygwin\jdk8u191\11896\hotspot\src\share\vm\prims\jni.cpp, line 709]
Event: 6.304 Thread 0x000000001c33d800 Exception <a 'java/lang/NoSuchMethodError': java.lang.Object.$anonfun$uriToFile$1(Ljava/net/URI;)Ljava/lang/String;> (0x00000000e50cdba0) thrown at [C:\re\workspace\8-2-build-windows-amd64-cygwin\jdk8u191\11896\hotspot\src\share\vm\interpreter\linkResolve
Event: 6.319 Thread 0x000000001c33d800 Implicit null exception at 0x0000000004048c7b to 0x00000000040492ad
Event: 6.320 Thread 0x000000001c33d800 Implicit null exception at 0x000000000377eeaf to 0x000000000377ef19

Events (10 events):
Event: 6.324 loading class sun/util/calendar/ImmutableGregorianDate
Event: 6.324 loading class sun/util/calendar/ImmutableGregorianDate done
Event: 6.324 loading class sun/util/calendar/JulianCalendar$Date
Event: 6.324 loading class sun/util/calendar/JulianCalendar$Date done
Event: 6.325 loading class sbt/librarymanagement/CallerFormats$$anon$1
Event: 6.325 loading class sbt/librarymanagement/CallerFormats$$anon$1 done
Event: 6.331 loading class sbt/librarymanagement/Caller$
Event: 6.331 loading class sbt/librarymanagement/Caller$ done
Event: 6.331 loading class sbt/librarymanagement/Caller
Event: 6.331 loading class sbt/librarymanagement/Caller done


Dynamic libraries:
0x00007ff7e3420000 - 0x00007ff7e3457000 	D:\JAVA\jdk\bin\java.exe
0x00007ffdaebd0000 - 0x00007ffdaedbd000 	C:\WINDOWS\SYSTEM32\ntdll.dll
0x00007ffdac430000 - 0x00007ffdac4e3000 	C:\WINDOWS\System32\KERNEL32.DLL
0x00007ffdaaf40000 - 0x00007ffdab1d3000 	C:\WINDOWS\System32\KERNELBASE.dll
0x00007ffdadf30000 - 0x00007ffdadfd3000 	C:\WINDOWS\System32\ADVAPI32.dll
0x00007ffdaea10000 - 0x00007ffdaeaae000 	C:\WINDOWS\System32\msvcrt.dll
0x00007ffdac120000 - 0x00007ffdac1be000 	C:\WINDOWS\System32\sechost.dll
0x00007ffdabe00000 - 0x00007ffdabf22000 	C:\WINDOWS\System32\RPCRT4.dll
0x00007ffdac1c0000 - 0x00007ffdac357000 	C:\WINDOWS\System32\USER32.dll
0x00007ffdabb10000 - 0x00007ffdabb30000 	C:\WINDOWS\System32\win32u.dll
0x00007ffdadfe0000 - 0x00007ffdae009000 	C:\WINDOWS\System32\GDI32.dll
0x00007ffdaada0000 - 0x00007ffdaaf39000 	C:\WINDOWS\System32\gdi32full.dll
0x00007ffdabb30000 - 0x00007ffdabbd0000 	C:\WINDOWS\System32\msvcp_win.dll
0x00007ffdaaca0000 - 0x00007ffdaad9a000 	C:\WINDOWS\System32\ucrtbase.dll
0x00007ffd90bc0000 - 0x00007ffd90e39000 	C:\WINDOWS\WinSxS\amd64_microsoft.windows.common-controls_6595b64144ccf1df_6.0.17763.615_none_05b4414a072024d4\COMCTL32.dll
0x00007ffdadb90000 - 0x00007ffdadebc000 	C:\WINDOWS\System32\combase.dll
0x00007ffdab2f0000 - 0x00007ffdab36e000 	C:\WINDOWS\System32\bcryptPrimitives.dll
0x00007ffdabf30000 - 0x00007ffdabf5e000 	C:\WINDOWS\System32\IMM32.DLL
0x000000005d730000 - 0x000000005d802000 	D:\JAVA\jdk\jre\bin\msvcr100.dll
0x000000005ce80000 - 0x000000005d724000 	D:\JAVA\jdk\jre\bin\server\jvm.dll
0x00007ffdac110000 - 0x00007ffdac118000 	C:\WINDOWS\System32\PSAPI.DLL
0x00007ffd8b220000 - 0x00007ffd8b229000 	C:\WINDOWS\SYSTEM32\WSOCK32.dll
0x00007ffda2890000 - 0x00007ffda289a000 	C:\WINDOWS\SYSTEM32\VERSION.dll
0x00007ffda8440000 - 0x00007ffda8464000 	C:\WINDOWS\SYSTEM32\WINMM.dll
0x00007ffdadec0000 - 0x00007ffdadf2d000 	C:\WINDOWS\System32\WS2_32.dll
0x00007ffda8330000 - 0x00007ffda835d000 	C:\WINDOWS\SYSTEM32\WINMMBASE.dll
0x00007ffdabbd0000 - 0x00007ffdabc1a000 	C:\WINDOWS\System32\cfgmgr32.dll
0x000000005e840000 - 0x000000005e84f000 	D:\JAVA\jdk\jre\bin\verify.dll
0x000000005e810000 - 0x000000005e839000 	D:\JAVA\jdk\jre\bin\java.dll
0x000000005e7f0000 - 0x000000005e806000 	D:\JAVA\jdk\jre\bin\zip.dll
0x00007ffdac6a0000 - 0x00007ffdadb90000 	C:\WINDOWS\System32\SHELL32.dll
0x00007ffdac380000 - 0x00007ffdac428000 	C:\WINDOWS\System32\shcore.dll
0x00007ffdab3c0000 - 0x00007ffdabb0a000 	C:\WINDOWS\System32\windows.storage.dll
0x00007ffdaabf0000 - 0x00007ffdaac14000 	C:\WINDOWS\System32\profapi.dll
0x00007ffdaac40000 - 0x00007ffdaac9d000 	C:\WINDOWS\System32\powrprof.dll
0x00007ffdaeb40000 - 0x00007ffdaeb92000 	C:\WINDOWS\System32\shlwapi.dll
0x00007ffdaac20000 - 0x00007ffdaac31000 	C:\WINDOWS\System32\kernel.appcore.dll
0x00007ffdab370000 - 0x00007ffdab387000 	C:\WINDOWS\System32\cryptsp.dll
0x000000005e7d0000 - 0x000000005e7ea000 	D:\JAVA\jdk\jre\bin\net.dll
0x00007ffdaa440000 - 0x00007ffdaa4a7000 	C:\WINDOWS\system32\mswsock.dll
0x000000005e7b0000 - 0x000000005e7c1000 	D:\JAVA\jdk\jre\bin\nio.dll
0x00007ffdaa000000 - 0x00007ffdaa033000 	C:\WINDOWS\system32\rsaenh.dll
0x00007ffdab390000 - 0x00007ffdab3b6000 	C:\WINDOWS\System32\bcrypt.dll
0x00007ffdaaad0000 - 0x00007ffdaaaf8000 	C:\WINDOWS\SYSTEM32\USERENV.dll
0x00007ffdaa610000 - 0x00007ffdaa61c000 	C:\WINDOWS\SYSTEM32\CRYPTBASE.dll
0x00007ffdaa1a0000 - 0x00007ffdaa1dd000 	C:\WINDOWS\SYSTEM32\IPHLPAPI.DLL
0x00007ffdaeb30000 - 0x00007ffdaeb38000 	C:\WINDOWS\System32\NSI.dll
0x00007ffda1c20000 - 0x00007ffda1c36000 	C:\WINDOWS\SYSTEM32\dhcpcsvc6.DLL
0x00007ffda19f0000 - 0x00007ffda1a0c000 	C:\WINDOWS\SYSTEM32\dhcpcsvc.DLL
0x00007ffdaa1e0000 - 0x00007ffdaa2a6000 	C:\WINDOWS\SYSTEM32\DNSAPI.dll
0x00007ffda8a00000 - 0x00007ffda8a0a000 	C:\Users\MX\AppData\Local\Temp\jansi-64-1-668343497699687849.11
0x000000005ce70000 - 0x000000005ce7d000 	D:\JAVA\jdk\jre\bin\management.dll
0x00007ffd92d10000 - 0x00007ffd92d26000 	C:\WINDOWS\system32\napinsp.dll
0x00007ffd90a00000 - 0x00007ffd90a1a000 	C:\WINDOWS\system32\pnrpnsp.dll
0x00007ffd983b0000 - 0x00007ffd983be000 	C:\WINDOWS\System32\winrnr.dll
0x00007ffda6f70000 - 0x00007ffda6f8b000 	C:\WINDOWS\system32\NLAapi.dll
0x00007ffd9f100000 - 0x00007ffd9f115000 	C:\WINDOWS\system32\wshbth.dll
0x00007ffd9db80000 - 0x00007ffd9db8a000 	C:\Windows\System32\rasadhlp.dll
0x00007ffd9dbf0000 - 0x00007ffd9dc69000 	C:\WINDOWS\System32\fwpuclnt.dll

VM Arguments:
jvm_args: -Djline.terminal=jline.UnsupportedTerminal -Dsbt.log.noformat=true -Dfile.encoding=UTF-8 -Xmx1536M -Dsbt.override.build.repos=true -Dsbt.repository.config=C:/Users/MX/.sbt/repo.properties -Didea.managed=true -Dfile.encoding=UTF-8 
java_command: C:/Users/MX/.IntelliJIdea2018.1/config/plugins/Scala/launcher/sbt-launch.jar
java_class_path (initial): C:/Users/MX/.IntelliJIdea2018.1/config/plugins/Scala/launcher/sbt-launch.jar
Launcher Type: SUN_STANDARD

Environment Variables:
JAVA_HOME=D:\JAVA\jdk
CLASSPATH=.;D:\JAVA\jdk\lib\dt.jar;D:\JAVA\jdk\lib\tools.jar
PATH=E:\app\MX\product\11.2.0\client_3\bin;E:\app\MX\product\11.2.0\client_2;E:\app\MX\product\11.2.0\client_1\bin;C:\Program Files (x86)\Common Files\Oracle\Java\javapath;C:\Program Files (x86)\Intel\Intel(R) Management Engine Components\iCLS\;C:\Program Files\Intel\Intel(R) Management Engine Components\iCLS\;C:\Windows\system32;C:\Windows;C:\Windows\System32\Wbem;C:\Windows\System32\WindowsPowerShell\v1.0\;C:\Program Files (x86)\Intel\Intel(R) Management Engine Components\DAL;C:\Program Files\Intel\Intel(R) Management Engine Components\DAL;C:\Program Files (x86)\Intel\Intel(R) Management Engine Components\IPT;C:\Program Files\Intel\Intel(R) Management Engine Components\IPT;C:\Program Files (x86)\NVIDIA Corporation\PhysX\Common;D:\MySQL\bin;D:\Git\cmd;C:\Program Files\Intel\WiFi\bin\;C:\Program Files\Common Files\Intel\WirelessCommon\;C:\WINDOWS\system32;C:\WINDOWS;C:\WINDOWS\System32\Wbem;C:\WINDOWS\System32\WindowsPowerShell\v1.0\;C:\WINDOWS\System32\OpenSSH\;D:\node\;D:\node\node_modules;D:\node\node_modules\npm;D:\node\node_modules\npm\node_cache;D:\node\node_modules\npm\node_global_modules;F:\scala\bin;F:\hadoop-2.7.6\bin;F:\spark-2.4.0-bin-hadoop2.7\bin;F:\anaconda;F:\anaconda\Library\mingw-w64\bin;F:\anaconda\Library\usr\bin;F:\anaconda\Library\bin;F:\anaconda\Scripts;C:\Users\MX\AppData\Local\Microsoft\WindowsApps;C:\Program Files\Intel\WiFi\bin\;C:\Program Files\Common Files\Intel\WirelessCommon\;D:\JAVA\jdk\bin;D:\JAVA\jdk\jre\bin;D:\apache-maven-3.5.2\bin;
USERNAME=MX
OS=Windows_NT
PROCESSOR_IDENTIFIER=Intel64 Family 6 Model 158 Stepping 10, GenuineIntel



---------------  S Y S T E M  ---------------

OS: Windows 10.0 , 64 bit Build 17763 (10.0.17763.475)

CPU:total 12 (initial active 12) (6 cores per cpu, 2 threads per core) family 6 model 158 stepping 10, cmov, cx8, fxsr, mmx, sse, sse2, sse3, ssse3, sse4.1, sse4.2, popcnt, avx, avx2, aes, clmul, erms, 3dnowpref, lzcnt, ht, tsc, tscinvbit, bmi1, bmi2, adx

Memory: 4k page, physical 16628848k(3741220k free), swap 18726000k(5220k free)

vm_info: Java HotSpot(TM) 64-Bit Server VM (25.191-b12) for windows-amd64 JRE (1.8.0_191-b12), built on Oct  6 2018 09:29:03 by "java_re" with MS VC++ 10.0 (VS2010)

time: Mon Jul 22 08:58:12 2019
elapsed time: 6 seconds (0d 0h 0m 6s)

