#
# There is insufficient memory for the Java Runtime Environment to continue.
# Native memory allocation (malloc) failed to allocate 131088 bytes for Chunk::new
# Possible reasons:
#   The system is out of physical RAM or swap space
#   In 32 bit mode, the process size limit was hit
# Possible solutions:
#   Reduce memory load on the system
#   Increase physical memory or swap space
#   Check if swap backing store is full
#   Use 64 bit Java on a 64 bit OS
#   Decrease Java heap size (-Xmx/-Xms)
#   Decrease number of Java threads
#   Decrease Java thread stack sizes (-Xss)
#   Set larger code cache with -XX:ReservedCodeCacheSize=
# This output file may be truncated or incomplete.
#
#  Out of Memory Error (allocation.cpp:390), pid=31440, tid=0x0000000000001094
#
# JRE version: Java(TM) SE Runtime Environment (8.0_191-b12) (build 1.8.0_191-b12)
# Java VM: Java HotSpot(TM) 64-Bit Server VM (25.191-b12 mixed mode windows-amd64 compressed oops)
# Failed to write core dump. Minidumps are not enabled by default on client versions of Windows
#

---------------  T H R E A D  ---------------

Current thread (0x0000000018022800):  JavaThread "C2 CompilerThread2" daemon [_thread_in_native, id=4244, stack(0x0000000019780000,0x0000000019880000)]

Stack: [0x0000000019780000,0x0000000019880000]
[error occurred during error reporting (printing stack bounds), id 0xc0000005]

Native frames: (J=compiled Java code, j=interpreted, Vv=VM code, C=native code)


Current CompileTask:
C2:  39604 14485       4       org.apache.ivy.core.resolve.IvyNode::doesExclude (107 bytes)


---------------  P R O C E S S  ---------------

Java Threads: ( => current thread )
  0x000000001d691000 JavaThread "Okio Watchdog" daemon [_thread_blocked, id=27952, stack(0x000000002a590000,0x000000002a690000)]
  0x000000001d694000 JavaThread "OkHttp ConnectionPool" daemon [_thread_blocked, id=21588, stack(0x000000002a490000,0x000000002a590000)]
  0x000000001c0d4000 JavaThread "pool-9-thread-13" [_thread_blocked, id=31172, stack(0x000000002a290000,0x000000002a390000)]
  0x000000001c0db000 JavaThread "pool-9-thread-12" [_thread_blocked, id=32412, stack(0x000000002a190000,0x000000002a290000)]
  0x000000001c0d8800 JavaThread "pool-9-thread-11" [_thread_blocked, id=31892, stack(0x000000002a090000,0x000000002a190000)]
  0x000000001a641000 JavaThread "pool-9-thread-10" [_thread_blocked, id=7332, stack(0x0000000029f90000,0x000000002a090000)]
  0x000000001a648000 JavaThread "pool-9-thread-9" [_thread_blocked, id=24988, stack(0x0000000029e90000,0x0000000029f90000)]
  0x000000001a645800 JavaThread "pool-9-thread-8" [_thread_blocked, id=28084, stack(0x0000000029d90000,0x0000000029e90000)]
  0x000000001a647000 JavaThread "pool-9-thread-7" [_thread_in_Java, id=31492, stack(0x0000000029c90000,0x0000000029d90000)]
  0x000000001a646800 JavaThread "pool-9-thread-6" [_thread_blocked, id=32512, stack(0x0000000029b90000,0x0000000029c90000)]
  0x000000001a640800 JavaThread "pool-9-thread-5" [_thread_blocked, id=30932, stack(0x0000000029a90000,0x0000000029b90000)]
  0x000000001a639000 JavaThread "pool-9-thread-4" [_thread_blocked, id=31180, stack(0x0000000029990000,0x0000000029a90000)]
  0x000000001a63d800 JavaThread "pool-9-thread-3" [_thread_blocked, id=27064, stack(0x0000000029890000,0x0000000029990000)]
  0x000000001a63c800 JavaThread "pool-9-thread-2" [_thread_blocked, id=23680, stack(0x0000000029790000,0x0000000029890000)]
  0x000000001a63a800 JavaThread "pool-9-thread-1" [_thread_blocked, id=2532, stack(0x0000000029690000,0x0000000029790000)]
  0x000000001a63f000 JavaThread "sbt-socket-server" [_thread_in_native, id=29752, stack(0x0000000027c90000,0x0000000027d90000)]
  0x000000001a644000 JavaThread "scala-execution-context-global-51" daemon [_thread_blocked, id=31416, stack(0x0000000025690000,0x0000000025790000)]
  0x000000001a642800 JavaThread "scala-execution-context-global-49" daemon [_thread_blocked, id=20388, stack(0x0000000025590000,0x0000000025690000)]
  0x000000001a645000 JavaThread "scala-execution-context-global-50" daemon [_thread_blocked, id=32232, stack(0x0000000025490000,0x0000000025590000)]
  0x000000001a63b000 JavaThread "scala-execution-context-global-48" daemon [_thread_blocked, id=19528, stack(0x0000000025390000,0x0000000025490000)]
  0x000000001a642000 JavaThread "scala-execution-context-global-47" daemon [_thread_blocked, id=17788, stack(0x0000000025290000,0x0000000025390000)]
  0x000000001a63c000 JavaThread "scala-execution-context-global-45" daemon [_thread_blocked, id=18456, stack(0x0000000025090000,0x0000000025190000)]
  0x000000001a639800 JavaThread "scala-execution-context-global-44" daemon [_thread_blocked, id=30748, stack(0x0000000024f90000,0x0000000025090000)]
  0x000000001a63e000 JavaThread "scala-execution-context-global-42" daemon [_thread_blocked, id=24280, stack(0x0000000024d90000,0x0000000024e90000)]
  0x000000001be59000 JavaThread "Log4j2-TF-1-AsyncLogger[AsyncContext@5702b3b1]-1" daemon [_thread_blocked, id=31084, stack(0x000000001ce10000,0x000000001cf10000)]
  0x0000000018056000 JavaThread "Service Thread" daemon [_thread_blocked, id=32292, stack(0x0000000019980000,0x0000000019a80000)]
  0x0000000018023000 JavaThread "C1 CompilerThread3" daemon [_thread_blocked, id=21552, stack(0x0000000019880000,0x0000000019980000)]
=>0x0000000018022800 JavaThread "C2 CompilerThread2" daemon [_thread_in_native, id=4244, stack(0x0000000019780000,0x0000000019880000)]
  0x000000001801c000 JavaThread "C2 CompilerThread1" daemon [_thread_in_native, id=30948, stack(0x0000000019680000,0x0000000019780000)]
  0x0000000018014000 JavaThread "C2 CompilerThread0" daemon [_thread_in_native, id=19132, stack(0x0000000019580000,0x0000000019680000)]
  0x000000001800e800 JavaThread "Attach Listener" daemon [_thread_blocked, id=4844, stack(0x0000000019480000,0x0000000019580000)]
  0x0000000017fbb800 JavaThread "Signal Dispatcher" daemon [_thread_blocked, id=19308, stack(0x0000000019380000,0x0000000019480000)]
  0x000000000290a000 JavaThread "Finalizer" daemon [_thread_blocked, id=2516, stack(0x0000000019220000,0x0000000019320000)]
  0x0000000002909000 JavaThread "Reference Handler" daemon [_thread_blocked, id=23084, stack(0x0000000019120000,0x0000000019220000)]
  0x000000000269e000 JavaThread "main" [_thread_blocked, id=18644, stack(0x0000000002710000,0x0000000002810000)]

Other Threads:
  0x0000000017f82800 VMThread [stack: 0x0000000019020000,0x0000000019120000] [id=14212]
  0x0000000018057800 WatcherThread [stack: 0x0000000019a80000,0x0000000019b80000] [id=20728]

VM state:not at safepoint (normal execution)

VM Mutex/Monitor currently owned by a thread: None

Heap:
 PSYoungGen      total 272896K, used 195288K [0x00000000e0000000, 0x00000000f4c80000, 0x0000000100000000)
  eden space 218624K, 71% used [0x00000000e0000000,0x00000000e97f9228,0x00000000ed580000)
  from space 54272K, 73% used [0x00000000f0d80000,0x00000000f343cde0,0x00000000f4280000)
  to   space 57344K, 0% used [0x00000000ed580000,0x00000000ed580000,0x00000000f0d80000)
 ParOldGen       total 245760K, used 84483K [0x00000000a0000000, 0x00000000af000000, 0x00000000e0000000)
  object space 245760K, 34% used [0x00000000a0000000,0x00000000a5280fc0,0x00000000af000000)
 Metaspace       used 89547K, capacity 100939K, committed 101248K, reserved 1138688K
  class space    used 12148K, capacity 12853K, committed 12928K, reserved 1048576K

Card table byte_map: [0x0000000011cd0000,0x0000000011fe0000] byte_map_base: 0x00000000117d0000

Marking Bits: (ParMarkBitMap*) 0x0000000060343e30
 Begin Bits: [0x0000000012be0000, 0x00000000143e0000)
 End Bits:   [0x00000000143e0000, 0x0000000015be0000)

Polling page: 0x0000000000480000

CodeCache: size=245760Kb used=39392Kb max_used=40224Kb free=206367Kb
 bounds [0x0000000002910000, 0x00000000050a0000, 0x0000000011910000]
 total_blobs=12775 nmethods=12068 adapters=614
 compilation: enabled

Compilation events (10 events):
Event: 39.557 Thread 0x0000000018023000 14518       2       org.apache.ivy.plugins.parser.xml.XmlModuleDescriptorParser$Parser::confStarted (474 bytes)
Event: 39.561 Thread 0x0000000018023000 nmethod 14518 0x0000000004a45910 code [0x0000000004a45d20, 0x0000000004a47228]
Event: 39.565 Thread 0x0000000018023000 14519       2       java.io.FileInputStream$1::close (8 bytes)
Event: 39.565 Thread 0x0000000018023000 nmethod 14519 0x0000000004878ad0 code [0x0000000004878c40, 0x0000000004878da8]
Event: 39.565 Thread 0x0000000018023000 14520       2       java.io.FileInputStream::access$000 (5 bytes)
Event: 39.566 Thread 0x0000000018023000 nmethod 14520 0x0000000004ce0b90 code [0x0000000004ce0d00, 0x0000000004ce0e48]
Event: 39.571 Thread 0x0000000018023000 14521       2       org.apache.ivy.core.module.descriptor.DefaultModuleDescriptor::addDependency (12 bytes)
Event: 39.571 Thread 0x0000000018023000 nmethod 14521 0x0000000004943390 code [0x0000000004943500, 0x0000000004943688]
Event: 39.591 Thread 0x0000000018023000 14522       2       org.apache.ivy.core.resolve.IvyNode::getConfiguration (57 bytes)
Event: 39.592 Thread 0x0000000018023000 nmethod 14522 0x0000000003d782d0 code [0x0000000003d784c0, 0x0000000003d788e8]

GC Heap History (10 events):
Event: 18.541 GC heap before
{Heap before GC invocations=15 (full 5):
 PSYoungGen      total 158720K, used 146917K [0x00000000e0000000, 0x00000000ecf00000, 0x0000000100000000)
  eden space 135680K, 100% used [0x00000000e0000000,0x00000000e8480000,0x00000000e8480000)
  from space 23040K, 48% used [0x00000000e8480000,0x00000000e8f79670,0x00000000e9b00000)
  to   space 21504K, 0% used [0x00000000eba00000,0x00000000eba00000,0x00000000ecf00000)
 ParOldGen       total 245760K, used 36834K [0x00000000a0000000, 0x00000000af000000, 0x00000000e0000000)
  object space 245760K, 14% used [0x00000000a0000000,0x00000000a23f8bf0,0x00000000af000000)
 Metaspace       used 77237K, capacity 87159K, committed 87296K, reserved 1124352K
  class space    used 10832K, capacity 11408K, committed 11520K, reserved 1048576K
Event: 18.554 GC heap after
Heap after GC invocations=15 (full 5):
 PSYoungGen      total 185344K, used 21503K [0x00000000e0000000, 0x00000000ed100000, 0x0000000100000000)
  eden space 163840K, 0% used [0x00000000e0000000,0x00000000e0000000,0x00000000ea000000)
  from space 21504K, 99% used [0x00000000eba00000,0x00000000eceffc48,0x00000000ecf00000)
  to   space 25088K, 0% used [0x00000000ea000000,0x00000000ea000000,0x00000000eb880000)
 ParOldGen       total 245760K, used 38231K [0x00000000a0000000, 0x00000000af000000, 0x00000000e0000000)
  object space 245760K, 15% used [0x00000000a0000000,0x00000000a2555fa8,0x00000000af000000)
 Metaspace       used 77237K, capacity 87159K, committed 87296K, reserved 1124352K
  class space    used 10832K, capacity 11408K, committed 11520K, reserved 1048576K
}
Event: 20.747 GC heap before
{Heap before GC invocations=16 (full 5):
 PSYoungGen      total 185344K, used 178263K [0x00000000e0000000, 0x00000000ed100000, 0x0000000100000000)
  eden space 163840K, 95% used [0x00000000e0000000,0x00000000e9916090,0x00000000ea000000)
  from space 21504K, 99% used [0x00000000eba00000,0x00000000eceffc48,0x00000000ecf00000)
  to   space 25088K, 0% used [0x00000000ea000000,0x00000000ea000000,0x00000000eb880000)
 ParOldGen       total 245760K, used 38231K [0x00000000a0000000, 0x00000000af000000, 0x00000000e0000000)
  object space 245760K, 15% used [0x00000000a0000000,0x00000000a2555fa8,0x00000000af000000)
 Metaspace       used 80633K, capacity 91637K, committed 91904K, reserved 1128448K
  class space    used 11308K, capacity 11995K, committed 12032K, reserved 1048576K
Event: 20.797 GC heap after
Heap after GC invocations=16 (full 5):
 PSYoungGen      total 188928K, used 25082K [0x00000000e0000000, 0x00000000f0400000, 0x0000000100000000)
  eden space 163840K, 0% used [0x00000000e0000000,0x00000000e0000000,0x00000000ea000000)
  from space 25088K, 99% used [0x00000000ea000000,0x00000000eb87e9a0,0x00000000eb880000)
  to   space 38400K, 0% used [0x00000000ede80000,0x00000000ede80000,0x00000000f0400000)
 ParOldGen       total 245760K, used 64675K [0x00000000a0000000, 0x00000000af000000, 0x00000000e0000000)
  object space 245760K, 26% used [0x00000000a0000000,0x00000000a3f28fc0,0x00000000af000000)
 Metaspace       used 80633K, capacity 91637K, committed 91904K, reserved 1128448K
  class space    used 11308K, capacity 11995K, committed 12032K, reserved 1048576K
}
Event: 21.326 GC heap before
{Heap before GC invocations=17 (full 5):
 PSYoungGen      total 188928K, used 188922K [0x00000000e0000000, 0x00000000f0400000, 0x0000000100000000)
  eden space 163840K, 100% used [0x00000000e0000000,0x00000000ea000000,0x00000000ea000000)
  from space 25088K, 99% used [0x00000000ea000000,0x00000000eb87e9a0,0x00000000eb880000)
  to   space 38400K, 0% used [0x00000000ede80000,0x00000000ede80000,0x00000000f0400000)
 ParOldGen       total 245760K, used 64675K [0x00000000a0000000, 0x00000000af000000, 0x00000000e0000000)
  object space 245760K, 26% used [0x00000000a0000000,0x00000000a3f28fc0,0x00000000af000000)
 Metaspace       used 80635K, capacity 91637K, committed 91904K, reserved 1128448K
  class space    used 11308K, capacity 11995K, committed 12032K, reserved 1048576K
Event: 21.385 GC heap after
Heap after GC invocations=17 (full 5):
 PSYoungGen      total 214528K, used 38387K [0x00000000e0000000, 0x00000000f3400000, 0x0000000100000000)
  eden space 176128K, 0% used [0x00000000e0000000,0x00000000e0000000,0x00000000eac00000)
  from space 38400K, 99% used [0x00000000ede80000,0x00000000f03fcde0,0x00000000f0400000)
  to   space 51712K, 0% used [0x00000000eac00000,0x00000000eac00000,0x00000000ede80000)
 ParOldGen       total 245760K, used 84459K [0x00000000a0000000, 0x00000000af000000, 0x00000000e0000000)
  object space 245760K, 34% used [0x00000000a0000000,0x00000000a527afc0,0x00000000af000000)
 Metaspace       used 80635K, capacity 91637K, committed 91904K, reserved 1128448K
  class space    used 11308K, capacity 11995K, committed 12032K, reserved 1048576K
}
Event: 23.739 GC heap before
{Heap before GC invocations=18 (full 5):
 PSYoungGen      total 214528K, used 214515K [0x00000000e0000000, 0x00000000f3400000, 0x0000000100000000)
  eden space 176128K, 100% used [0x00000000e0000000,0x00000000eac00000,0x00000000eac00000)
  from space 38400K, 99% used [0x00000000ede80000,0x00000000f03fcde0,0x00000000f0400000)
  to   space 51712K, 0% used [0x00000000eac00000,0x00000000eac00000,0x00000000ede80000)
 ParOldGen       total 245760K, used 84459K [0x00000000a0000000, 0x00000000af000000, 0x00000000e0000000)
  object space 245760K, 34% used [0x00000000a0000000,0x00000000a527afc0,0x00000000af000000)
 Metaspace       used 84018K, capacity 95183K, committed 95232K, reserved 1132544K
  class space    used 11552K, capacity 12252K, committed 12288K, reserved 1048576K
Event: 23.752 GC heap after
Heap after GC invocations=18 (full 5):
 PSYoungGen      total 227840K, used 36500K [0x00000000e0000000, 0x00000000f4280000, 0x0000000100000000)
  eden space 176128K, 0% used [0x00000000e0000000,0x00000000e0000000,0x00000000eac00000)
  from space 51712K, 70% used [0x00000000eac00000,0x00000000ecfa5310,0x00000000ede80000)
  to   space 54272K, 0% used [0x00000000f0d80000,0x00000000f0d80000,0x00000000f4280000)
 ParOldGen       total 245760K, used 84475K [0x00000000a0000000, 0x00000000af000000, 0x00000000e0000000)
  object space 245760K, 34% used [0x00000000a0000000,0x00000000a527efc0,0x00000000af000000)
 Metaspace       used 84018K, capacity 95183K, committed 95232K, reserved 1132544K
  class space    used 11552K, capacity 12252K, committed 12288K, reserved 1048576K
}
Event: 24.407 GC heap before
{Heap before GC invocations=19 (full 5):
 PSYoungGen      total 227840K, used 212628K [0x00000000e0000000, 0x00000000f4280000, 0x0000000100000000)
  eden space 176128K, 100% used [0x00000000e0000000,0x00000000eac00000,0x00000000eac00000)
  from space 51712K, 70% used [0x00000000eac00000,0x00000000ecfa5310,0x00000000ede80000)
  to   space 54272K, 0% used [0x00000000f0d80000,0x00000000f0d80000,0x00000000f4280000)
 ParOldGen       total 245760K, used 84475K [0x00000000a0000000, 0x00000000af000000, 0x00000000e0000000)
  object space 245760K, 34% used [0x00000000a0000000,0x00000000a527efc0,0x00000000af000000)
 Metaspace       used 84208K, capacity 95375K, committed 95488K, reserved 1132544K
  class space    used 11552K, capacity 12252K, committed 12288K, reserved 1048576K
Event: 24.439 GC heap after
Heap after GC invocations=19 (full 5):
 PSYoungGen      total 272896K, used 39667K [0x00000000e0000000, 0x00000000f4c80000, 0x0000000100000000)
  eden space 218624K, 0% used [0x00000000e0000000,0x00000000e0000000,0x00000000ed580000)
  from space 54272K, 73% used [0x00000000f0d80000,0x00000000f343cde0,0x00000000f4280000)
  to   space 57344K, 0% used [0x00000000ed580000,0x00000000ed580000,0x00000000f0d80000)
 ParOldGen       total 245760K, used 84483K [0x00000000a0000000, 0x00000000af000000, 0x00000000e0000000)
  object space 245760K, 34% used [0x00000000a0000000,0x00000000a5280fc0,0x00000000af000000)
 Metaspace       used 84208K, capacity 95375K, committed 95488K, reserved 1132544K
  class space    used 11552K, capacity 12252K, committed 12288K, reserved 1048576K
}

Deoptimization events (10 events):
Event: 29.615 Thread 0x000000001a647000 Uncommon trap: reason=unstable_if action=reinterpret pc=0x0000000003573310 method=java.net.URI.needsNormalization(Ljava/lang/String;)I @ 126
Event: 29.960 Thread 0x000000001a647000 Uncommon trap: reason=bimorphic action=maybe_recompile pc=0x0000000004f7ae34 method=org.apache.ivy.core.resolve.IvyNode.getDependencies(Ljava/lang/String;Ljava/lang/String;Ljava/lang/String;)Ljava/util/Collection; @ 84
Event: 29.960 Thread 0x000000001a647000 Uncommon trap: reason=bimorphic action=maybe_recompile pc=0x0000000004f3c650 method=org.apache.ivy.core.resolve.IvyNodeCallers$Caller.canExclude()Z @ 23
Event: 29.961 Thread 0x000000001a647000 Uncommon trap: reason=bimorphic action=maybe_recompile pc=0x0000000004dcb924 method=org.apache.ivy.core.resolve.IvyNodeCallers$Caller.canExclude()Z @ 23
Event: 29.961 Thread 0x000000001a647000 Uncommon trap: reason=bimorphic action=maybe_recompile pc=0x0000000004f3c650 method=org.apache.ivy.core.resolve.IvyNodeCallers$Caller.canExclude()Z @ 23
Event: 29.961 Thread 0x000000001a647000 Uncommon trap: reason=bimorphic action=maybe_recompile pc=0x0000000004dcb924 method=org.apache.ivy.core.resolve.IvyNodeCallers$Caller.canExclude()Z @ 23
Event: 29.961 Thread 0x000000001a647000 Uncommon trap: reason=bimorphic action=maybe_recompile pc=0x0000000004f3c650 method=org.apache.ivy.core.resolve.IvyNodeCallers$Caller.canExclude()Z @ 23
Event: 33.653 Thread 0x000000001a647000 Uncommon trap: reason=class_check action=maybe_recompile pc=0x0000000004b108d0 method=java.util.HashMap.removeNode(ILjava/lang/Object;Ljava/lang/Object;ZZ)Ljava/util/HashMap$Node; @ 283
Event: 35.728 Thread 0x000000001be59000 Uncommon trap: reason=unstable_if action=reinterpret pc=0x000000000423cac0 method=java.util.concurrent.locks.AbstractQueuedSynchronizer$ConditionObject.awaitNanos(J)J @ 73
Event: 39.071 Thread 0x000000001a647000 Uncommon trap: reason=unstable_if action=reinterpret pc=0x0000000002e2a000 method=java.io.BufferedInputStream.read1([BII)I @ 29

Classes redefined (0 events):
No events

Internal exceptions (10 events):
Event: 39.077 Thread 0x000000001a647000 Exception <a 'java/net/SocketTimeoutException': Read timed out> (0x00000000e87c4050) thrown at [C:\re\workspace\8-2-build-windows-amd64-cygwin\jdk8u191\11896\hotspot\src\share\vm\prims\jni.cpp, line 735]
Event: 39.095 Thread 0x000000001a647000 Exception <a 'java/net/SocketTimeoutException': Read timed out> (0x00000000e87c8890) thrown at [C:\re\workspace\8-2-build-windows-amd64-cygwin\jdk8u191\11896\hotspot\src\share\vm\prims\jni.cpp, line 735]
Event: 39.156 Thread 0x000000001a647000 Exception <a 'java/net/SocketTimeoutException': Read timed out> (0x00000000e8926fb0) thrown at [C:\re\workspace\8-2-build-windows-amd64-cygwin\jdk8u191\11896\hotspot\src\share\vm\prims\jni.cpp, line 735]
Event: 39.169 Thread 0x000000001a647000 Exception <a 'java/net/SocketTimeoutException': Read timed out> (0x00000000e892b0f0) thrown at [C:\re\workspace\8-2-build-windows-amd64-cygwin\jdk8u191\11896\hotspot\src\share\vm\prims\jni.cpp, line 735]
Event: 39.293 Thread 0x000000001a647000 Exception <a 'java/net/SocketTimeoutException': Read timed out> (0x00000000e8963b48) thrown at [C:\re\workspace\8-2-build-windows-amd64-cygwin\jdk8u191\11896\hotspot\src\share\vm\prims\jni.cpp, line 735]
Event: 39.303 Thread 0x000000001a647000 Exception <a 'java/net/SocketTimeoutException': Read timed out> (0x00000000e8967ce0) thrown at [C:\re\workspace\8-2-build-windows-amd64-cygwin\jdk8u191\11896\hotspot\src\share\vm\prims\jni.cpp, line 735]
Event: 39.355 Thread 0x000000001a647000 Exception <a 'java/net/SocketTimeoutException': Read timed out> (0x00000000e89737e8) thrown at [C:\re\workspace\8-2-build-windows-amd64-cygwin\jdk8u191\11896\hotspot\src\share\vm\prims\jni.cpp, line 735]
Event: 39.365 Thread 0x000000001a647000 Exception <a 'java/net/SocketTimeoutException': Read timed out> (0x00000000e8977980) thrown at [C:\re\workspace\8-2-build-windows-amd64-cygwin\jdk8u191\11896\hotspot\src\share\vm\prims\jni.cpp, line 735]
Event: 39.468 Thread 0x000000001a647000 Exception <a 'java/net/SocketTimeoutException': Read timed out> (0x00000000e8a25eb0) thrown at [C:\re\workspace\8-2-build-windows-amd64-cygwin\jdk8u191\11896\hotspot\src\share\vm\prims\jni.cpp, line 735]
Event: 39.475 Thread 0x000000001a647000 Exception <a 'java/net/SocketTimeoutException': Read timed out> (0x00000000e8a29ff0) thrown at [C:\re\workspace\8-2-build-windows-amd64-cygwin\jdk8u191\11896\hotspot\src\share\vm\prims\jni.cpp, line 735]

Events (10 events):
Event: 38.903 Thread 0x0000000018023000 flushing nmethod 0x0000000004ae5350
Event: 38.904 Thread 0x0000000018023000 flushing nmethod 0x0000000004d16650
Event: 38.904 Thread 0x0000000018023000 flushing nmethod 0x0000000004e6f790
Event: 39.071 Thread 0x000000001a647000 Uncommon trap: trap_request=0xffffff65 fr.pc=0x0000000002e2a000
Event: 39.071 Executing VM operation: RevokeBias
Event: 39.071 Executing VM operation: RevokeBias done
Event: 39.071 Thread 0x000000001a647000 DEOPT PACKING pc=0x0000000002e2a000 sp=0x0000000029d89cd0
Event: 39.071 Thread 0x000000001a647000 DEOPT UNPACKING pc=0x000000000295583b sp=0x0000000029d89c30 mode 2
Event: 39.540 Thread 0x000000001a647000 DEOPT PACKING pc=0x0000000004d696f3 sp=0x0000000029d8bd90
Event: 39.540 Thread 0x000000001a647000 DEOPT UNPACKING pc=0x0000000002957890 sp=0x0000000029d8bb10 mode 0


Dynamic libraries:
0x00007ff63fd00000 - 0x00007ff63fd37000 	D:\JAVA\jdk\bin\java.exe
0x00007ffa19310000 - 0x00007ffa194fd000 	C:\WINDOWS\SYSTEM32\ntdll.dll
0x00007ffa16fb0000 - 0x00007ffa17063000 	C:\WINDOWS\System32\KERNEL32.DLL
0x00007ffa16270000 - 0x00007ffa16503000 	C:\WINDOWS\System32\KERNELBASE.dll
0x00007ffa16540000 - 0x00007ffa165e3000 	C:\WINDOWS\System32\ADVAPI32.dll
0x00007ffa16d60000 - 0x00007ffa16dfe000 	C:\WINDOWS\System32\msvcrt.dll
0x00007ffa166a0000 - 0x00007ffa1673e000 	C:\WINDOWS\System32\sechost.dll
0x00007ffa178b0000 - 0x00007ffa179d2000 	C:\WINDOWS\System32\RPCRT4.dll
0x00007ffa190c0000 - 0x00007ffa19257000 	C:\WINDOWS\System32\USER32.dll
0x00007ffa15eb0000 - 0x00007ffa15ed0000 	C:\WINDOWS\System32\win32u.dll
0x00007ffa16650000 - 0x00007ffa16679000 	C:\WINDOWS\System32\GDI32.dll
0x00007ffa15ed0000 - 0x00007ffa1606a000 	C:\WINDOWS\System32\gdi32full.dll
0x00007ffa15b50000 - 0x00007ffa15bf0000 	C:\WINDOWS\System32\msvcp_win.dll
0x00007ffa16070000 - 0x00007ffa1616a000 	C:\WINDOWS\System32\ucrtbase.dll
0x00007ffa04e20000 - 0x00007ffa05099000 	C:\WINDOWS\WinSxS\amd64_microsoft.windows.common-controls_6595b64144ccf1df_6.0.17763.557_none_05b63f68071e5b9f\COMCTL32.dll
0x00007ffa16740000 - 0x00007ffa16a6c000 	C:\WINDOWS\System32\combase.dll
0x00007ffa15e30000 - 0x00007ffa15eae000 	C:\WINDOWS\System32\bcryptPrimitives.dll
0x00007ffa16bc0000 - 0x00007ffa16bee000 	C:\WINDOWS\System32\IMM32.DLL
0x0000000061fc0000 - 0x0000000062092000 	D:\JAVA\jdk\jre\bin\msvcr100.dll
0x000000005fb20000 - 0x00000000603c4000 	D:\JAVA\jdk\jre\bin\server\jvm.dll
0x00007ffa18f80000 - 0x00007ffa18f88000 	C:\WINDOWS\System32\PSAPI.DLL
0x00007ff9f67e0000 - 0x00007ff9f67e9000 	C:\WINDOWS\SYSTEM32\WSOCK32.dll
0x00007ffa17070000 - 0x00007ffa170dd000 	C:\WINDOWS\System32\WS2_32.dll
0x00007ffa13000000 - 0x00007ffa13024000 	C:\WINDOWS\SYSTEM32\WINMM.dll
0x00007ffa0af60000 - 0x00007ffa0af6a000 	C:\WINDOWS\SYSTEM32\VERSION.dll
0x00007ffa12df0000 - 0x00007ffa12e1d000 	C:\WINDOWS\SYSTEM32\WINMMBASE.dll
0x00007ffa16170000 - 0x00007ffa161ba000 	C:\WINDOWS\System32\cfgmgr32.dll
0x0000000061fb0000 - 0x0000000061fbf000 	D:\JAVA\jdk\jre\bin\verify.dll
0x0000000061f80000 - 0x0000000061fa9000 	D:\JAVA\jdk\jre\bin\java.dll
0x0000000061f60000 - 0x0000000061f76000 	D:\JAVA\jdk\jre\bin\zip.dll
0x00007ffa179e0000 - 0x00007ffa18ed0000 	C:\WINDOWS\System32\SHELL32.dll
0x00007ffa17800000 - 0x00007ffa178a8000 	C:\WINDOWS\System32\shcore.dll
0x00007ffa15400000 - 0x00007ffa15b4a000 	C:\WINDOWS\System32\windows.storage.dll
0x00007ffa153b0000 - 0x00007ffa153d4000 	C:\WINDOWS\System32\profapi.dll
0x00007ffa15350000 - 0x00007ffa153ad000 	C:\WINDOWS\System32\powrprof.dll
0x00007ffa17150000 - 0x00007ffa171a2000 	C:\WINDOWS\System32\shlwapi.dll
0x00007ffa15310000 - 0x00007ffa15321000 	C:\WINDOWS\System32\kernel.appcore.dll
0x00007ffa153e0000 - 0x00007ffa153f7000 	C:\WINDOWS\System32\cryptsp.dll
0x0000000061f40000 - 0x0000000061f5a000 	D:\JAVA\jdk\jre\bin\net.dll
0x00007ffa14b90000 - 0x00007ffa14bf7000 	C:\WINDOWS\system32\mswsock.dll
0x00000000611a0000 - 0x00000000611b1000 	D:\JAVA\jdk\jre\bin\nio.dll
0x00007ffa14750000 - 0x00007ffa14783000 	C:\WINDOWS\system32\rsaenh.dll
0x00007ffa16510000 - 0x00007ffa16536000 	C:\WINDOWS\System32\bcrypt.dll
0x00007ffa15240000 - 0x00007ffa15268000 	C:\WINDOWS\SYSTEM32\USERENV.dll
0x00007ffa14d60000 - 0x00007ffa14d6c000 	C:\WINDOWS\SYSTEM32\CRYPTBASE.dll
0x00007ffa148f0000 - 0x00007ffa1492d000 	C:\WINDOWS\SYSTEM32\IPHLPAPI.DLL
0x00007ffa170e0000 - 0x00007ffa170e8000 	C:\WINDOWS\System32\NSI.dll
0x00007ffa089d0000 - 0x00007ffa089e6000 	C:\WINDOWS\SYSTEM32\dhcpcsvc6.DLL
0x00007ffa089b0000 - 0x00007ffa089cc000 	C:\WINDOWS\SYSTEM32\dhcpcsvc.DLL
0x00007ffa14930000 - 0x00007ffa149f6000 	C:\WINDOWS\SYSTEM32\DNSAPI.dll
0x00007ffa118b0000 - 0x00007ffa118ba000 	C:\Users\MX\AppData\Local\Temp\jansi-64-1-7878648592135839412.11
0x0000000061190000 - 0x000000006119d000 	D:\JAVA\jdk\jre\bin\management.dll
0x00007ff9e3680000 - 0x00007ff9e3696000 	C:\WINDOWS\system32\napinsp.dll
0x00007ff9e1ea0000 - 0x00007ff9e1eba000 	C:\WINDOWS\system32\pnrpnsp.dll
0x00007ffa0af50000 - 0x00007ffa0af5e000 	C:\WINDOWS\System32\winrnr.dll
0x00007ffa11700000 - 0x00007ffa1171b000 	C:\WINDOWS\system32\NLAapi.dll
0x00007ffa0a0b0000 - 0x00007ffa0a0c5000 	C:\WINDOWS\system32\wshbth.dll
0x00007ffa07210000 - 0x00007ffa0721a000 	C:\Windows\System32\rasadhlp.dll
0x00007ffa07090000 - 0x00007ffa07109000 	C:\WINDOWS\System32\fwpuclnt.dll
0x00007ffa0a900000 - 0x00007ffa0a942000 	C:\Users\MX\AppData\Local\Temp\jna-2475\jna3756891417682002482.dll
0x0000000061160000 - 0x0000000061184000 	D:\JAVA\jdk\jre\bin\sunec.dll
0x0000000061150000 - 0x000000006115b000 	D:\JAVA\jdk\jre\bin\sunmscapi.dll
0x00007ffa15bf0000 - 0x00007ffa15dcb000 	C:\WINDOWS\System32\CRYPT32.dll
0x00007ffa15330000 - 0x00007ffa15342000 	C:\WINDOWS\System32\MSASN1.dll

VM Arguments:
jvm_args: -Djline.terminal=jline.UnsupportedTerminal -Dsbt.log.noformat=true -Dfile.encoding=UTF-8 -Xmx1536M -Dsbt.override.build.repos=true -Dsbt.repository.config=C:/Users/MX/.sbt/repo.properties -Didea.managed=true -Dfile.encoding=UTF-8 
java_command: C:/Users/MX/.IntelliJIdea2018.1/config/plugins/Scala/launcher/sbt-launch.jar
java_class_path (initial): C:/Users/MX/.IntelliJIdea2018.1/config/plugins/Scala/launcher/sbt-launch.jar
Launcher Type: SUN_STANDARD

Environment Variables:
JAVA_HOME=D:\JAVA\jdk
CLASSPATH=.;D:\JAVA\jdk\lib\dt.jar;D:\JAVA\jdk\lib\tools.jar
PATH=E:\app\MX\product\11.2.0\client_3\bin;E:\app\MX\product\11.2.0\client_2;E:\app\MX\product\11.2.0\client_1\bin;C:\Program Files (x86)\Common Files\Oracle\Java\javapath;C:\Program Files (x86)\Intel\Intel(R) Management Engine Components\iCLS\;C:\Program Files\Intel\Intel(R) Management Engine Components\iCLS\;C:\Windows\system32;C:\Windows;C:\Windows\System32\Wbem;C:\Windows\System32\WindowsPowerShell\v1.0\;C:\Program Files (x86)\Intel\Intel(R) Management Engine Components\DAL;C:\Program Files\Intel\Intel(R) Management Engine Components\DAL;C:\Program Files (x86)\Intel\Intel(R) Management Engine Components\IPT;C:\Program Files\Intel\Intel(R) Management Engine Components\IPT;C:\Program Files (x86)\NVIDIA Corporation\PhysX\Common;D:\MySQL\bin;D:\Git\cmd;C:\Program Files\Intel\WiFi\bin\;C:\Program Files\Common Files\Intel\WirelessCommon\;C:\WINDOWS\system32;C:\WINDOWS;C:\WINDOWS\System32\Wbem;C:\WINDOWS\System32\WindowsPowerShell\v1.0\;C:\WINDOWS\System32\OpenSSH\;D:\node\;D:\node\node_modules;D:\node\node_modules\npm;D:\node\node_modules\npm\node_cache;D:\node\node_modules\npm\node_global_modules;F:\scala\bin;F:\hadoop-2.7.6\bin;F:\spark-2.4.0-bin-hadoop2.7\bin;F:\anaconda;F:\anaconda\Library\mingw-w64\bin;F:\anaconda\Library\usr\bin;F:\anaconda\Library\bin;F:\anaconda\Scripts;C:\Users\MX\AppData\Local\Microsoft\WindowsApps;C:\Program Files\Intel\WiFi\bin\;C:\Program Files\Common Files\Intel\WirelessCommon\;D:\JAVA\jdk\bin;D:\JAVA\jdk\jre\bin;D:\apache-maven-3.5.2\bin;
USERNAME=MX
OS=Windows_NT
PROCESSOR_IDENTIFIER=Intel64 Family 6 Model 158 Stepping 10, GenuineIntel



---------------  S Y S T E M  ---------------

OS: Windows 10.0 , 64 bit Build 17763 (10.0.17763.475)

CPU:total 12 (initial active 12) (6 cores per cpu, 2 threads per core) family 6 model 158 stepping 10, cmov, cx8, fxsr, mmx, sse, sse2, sse3, ssse3, sse4.1, sse4.2, popcnt, avx, avx2, aes, clmul, erms, 3dnowpref, lzcnt, ht, tsc, tscinvbit, bmi1, bmi2, adx

Memory: 4k page, physical 16628848k(5887784k free), swap 18726000k(4092k free)

vm_info: Java HotSpot(TM) 64-Bit Server VM (25.191-b12) for windows-amd64 JRE (1.8.0_191-b12), built on Oct  6 2018 09:29:03 by "java_re" with MS VC++ 10.0 (VS2010)

time: Sat Jun 29 22:52:15 2019
elapsed time: 39 seconds (0d 0h 0m 39s)

