#
# There is insufficient memory for the Java Runtime Environment to continue.
# Native memory allocation (malloc) failed to allocate 1048576 bytes for AllocateHeap
# Possible reasons:
#   The system is out of physical RAM or swap space
#   In 32 bit mode, the process size limit was hit
# Possible solutions:
#   Reduce memory load on the system
#   Increase physical memory or swap space
#   Check if swap backing store is full
#   Use 64 bit Java on a 64 bit OS
#   Decrease Java heap size (-Xmx/-Xms)
#   Decrease number of Java threads
#   Decrease Java thread stack sizes (-Xss)
#   Set larger code cache with -XX:ReservedCodeCacheSize=
# This output file may be truncated or incomplete.
#
#  Out of Memory Error (memory/allocation.inline.hpp:61), pid=17912, tid=0x0000000000004354
#
# JRE version:  (8.0_191-b12) (build )
# Java VM: Java HotSpot(TM) 64-Bit Server VM (25.191-b12 mixed mode windows-amd64 compressed oops)
# Failed to write core dump. Minidumps are not enabled by default on client versions of Windows
#

---------------  T H R E A D  ---------------

Current thread (0x00000000029ae000):  JavaThread "Unknown thread" [_thread_in_vm, id=17236, stack(0x00000000029b0000,0x0000000002ab0000)]

Stack: [0x00000000029b0000,0x0000000002ab0000]
[error occurred during error reporting (printing stack bounds), id 0xc0000005]

Native frames: (J=compiled Java code, j=interpreted, Vv=VM code, C=native code)


---------------  P R O C E S S  ---------------

Java Threads: ( => current thread )

Other Threads:

=>0x00000000029ae000 (exited) JavaThread "Unknown thread" [_thread_in_vm, id=17236, stack(0x00000000029b0000,0x0000000002ab0000)]

VM state:not at safepoint (normal execution)

VM Mutex/Monitor currently owned by a thread: None

Heap:
 PSYoungGen      total 75776K, used 1300K [0x00000000e0000000, 0x00000000e5480000, 0x0000000100000000)
  eden space 65024K, 2% used [0x00000000e0000000,0x00000000e01451f8,0x00000000e3f80000)
  from space 10752K, 0% used [0x00000000e4a00000,0x00000000e4a00000,0x00000000e5480000)
  to   space 10752K, 0% used [0x00000000e3f80000,0x00000000e3f80000,0x00000000e4a00000)
 ParOldGen       total 173568K, used 0K [0x00000000a0000000, 0x00000000aa980000, 0x00000000e0000000)
  object space 173568K, 0% used [0x00000000a0000000,0x00000000a0000000,0x00000000aa980000)
 Metaspace       used 775K, capacity 4480K, committed 4480K, reserved 1056768K
  class space    used 76K, capacity 384K, committed 384K, reserved 1048576K

Card table byte_map: [0x0000000011f70000,0x0000000012280000] byte_map_base: 0x0000000011a70000

Marking Bits: (ParMarkBitMap*) 0x0000000060343e30
 Begin Bits: [0x0000000012e80000, 0x0000000014680000)
 End Bits:   [0x0000000014680000, 0x0000000015e80000)

Polling page: 0x00000000006d0000

CodeCache: size=245760Kb used=328Kb max_used=328Kb free=245431Kb
 bounds [0x0000000002bb0000, 0x0000000002e20000, 0x0000000011bb0000]
 total_blobs=58 nmethods=0 adapters=38
 compilation: enabled

Compilation events (0 events):
No events

GC Heap History (0 events):
No events

Deoptimization events (0 events):
No events

Classes redefined (0 events):
No events

Internal exceptions (0 events):
No events

Events (10 events):
Event: 0.029 loading class java/lang/Short
Event: 0.029 loading class java/lang/Short done
Event: 0.029 loading class java/lang/Integer
Event: 0.029 loading class java/lang/Integer done
Event: 0.029 loading class java/lang/Long
Event: 0.029 loading class java/lang/Long done
Event: 0.029 loading class java/lang/NullPointerException
Event: 0.029 loading class java/lang/NullPointerException done
Event: 0.029 loading class java/lang/ArithmeticException
Event: 0.029 loading class java/lang/ArithmeticException done


Dynamic libraries:
0x00007ff63fd00000 - 0x00007ff63fd37000 	D:\JAVA\jdk\bin\java.exe
0x00007ffa19310000 - 0x00007ffa194fd000 	C:\WINDOWS\SYSTEM32\ntdll.dll
0x00007ffa16fb0000 - 0x00007ffa17063000 	C:\WINDOWS\System32\KERNEL32.DLL
0x00007ffa16270000 - 0x00007ffa16503000 	C:\WINDOWS\System32\KERNELBASE.dll
0x00007ffa16540000 - 0x00007ffa165e3000 	C:\WINDOWS\System32\ADVAPI32.dll
0x00007ffa16d60000 - 0x00007ffa16dfe000 	C:\WINDOWS\System32\msvcrt.dll
0x00007ffa166a0000 - 0x00007ffa1673e000 	C:\WINDOWS\System32\sechost.dll
0x00007ffa178b0000 - 0x00007ffa179d2000 	C:\WINDOWS\System32\RPCRT4.dll
0x00007ffa190c0000 - 0x00007ffa19257000 	C:\WINDOWS\System32\USER32.dll
0x00007ffa15eb0000 - 0x00007ffa15ed0000 	C:\WINDOWS\System32\win32u.dll
0x00007ffa16650000 - 0x00007ffa16679000 	C:\WINDOWS\System32\GDI32.dll
0x00007ffa15ed0000 - 0x00007ffa1606a000 	C:\WINDOWS\System32\gdi32full.dll
0x00007ffa15b50000 - 0x00007ffa15bf0000 	C:\WINDOWS\System32\msvcp_win.dll
0x00007ffa16070000 - 0x00007ffa1616a000 	C:\WINDOWS\System32\ucrtbase.dll
0x00007ffa04e20000 - 0x00007ffa05099000 	C:\WINDOWS\WinSxS\amd64_microsoft.windows.common-controls_6595b64144ccf1df_6.0.17763.557_none_05b63f68071e5b9f\COMCTL32.dll
0x00007ffa16740000 - 0x00007ffa16a6c000 	C:\WINDOWS\System32\combase.dll
0x00007ffa15e30000 - 0x00007ffa15eae000 	C:\WINDOWS\System32\bcryptPrimitives.dll
0x00007ffa16bc0000 - 0x00007ffa16bee000 	C:\WINDOWS\System32\IMM32.DLL
0x0000000061000000 - 0x00000000610d2000 	D:\JAVA\jdk\jre\bin\msvcr100.dll
0x000000005fb20000 - 0x00000000603c4000 	D:\JAVA\jdk\jre\bin\server\jvm.dll
0x00007ffa18f80000 - 0x00007ffa18f88000 	C:\WINDOWS\System32\PSAPI.DLL
0x00007ff9f67e0000 - 0x00007ff9f67e9000 	C:\WINDOWS\SYSTEM32\WSOCK32.dll
0x00007ffa13000000 - 0x00007ffa13024000 	C:\WINDOWS\SYSTEM32\WINMM.dll
0x00007ffa0af60000 - 0x00007ffa0af6a000 	C:\WINDOWS\SYSTEM32\VERSION.dll
0x00007ffa17070000 - 0x00007ffa170dd000 	C:\WINDOWS\System32\WS2_32.dll
0x00007ffa12df0000 - 0x00007ffa12e1d000 	C:\WINDOWS\SYSTEM32\winmmbase.dll
0x00007ffa16170000 - 0x00007ffa161ba000 	C:\WINDOWS\System32\cfgmgr32.dll
0x0000000060ff0000 - 0x0000000060fff000 	D:\JAVA\jdk\jre\bin\verify.dll
0x0000000060fc0000 - 0x0000000060fe9000 	D:\JAVA\jdk\jre\bin\java.dll
0x0000000060fa0000 - 0x0000000060fb6000 	D:\JAVA\jdk\jre\bin\zip.dll

VM Arguments:
jvm_args: -Djline.terminal=jline.UnsupportedTerminal -Dsbt.log.noformat=true -Dfile.encoding=UTF-8 -Xmx1536M -Dsbt.override.build.repos=true -Dsbt.repository.config=C:/Users/MX/.sbt/repo.properties -Didea.managed=true -Dfile.encoding=UTF-8 
java_command: C:/Users/MX/.IntelliJIdea2018.1/config/plugins/Scala/launcher/sbt-launch.jar
java_class_path (initial): C:/Users/MX/.IntelliJIdea2018.1/config/plugins/Scala/launcher/sbt-launch.jar
Launcher Type: SUN_STANDARD

Environment Variables:
JAVA_HOME=D:\JAVA\jdk
CLASSPATH=.;D:\JAVA\jdk\lib\dt.jar;D:\JAVA\jdk\lib\tools.jar
PATH=E:\app\MX\product\11.2.0\client_3\bin;E:\app\MX\product\11.2.0\client_2;E:\app\MX\product\11.2.0\client_1\bin;C:\Program Files (x86)\Common Files\Oracle\Java\javapath;C:\Program Files (x86)\Intel\Intel(R) Management Engine Components\iCLS\;C:\Program Files\Intel\Intel(R) Management Engine Components\iCLS\;C:\Windows\system32;C:\Windows;C:\Windows\System32\Wbem;C:\Windows\System32\WindowsPowerShell\v1.0\;C:\Program Files (x86)\Intel\Intel(R) Management Engine Components\DAL;C:\Program Files\Intel\Intel(R) Management Engine Components\DAL;C:\Program Files (x86)\Intel\Intel(R) Management Engine Components\IPT;C:\Program Files\Intel\Intel(R) Management Engine Components\IPT;C:\Program Files (x86)\NVIDIA Corporation\PhysX\Common;D:\MySQL\bin;D:\Git\cmd;C:\Program Files\Intel\WiFi\bin\;C:\Program Files\Common Files\Intel\WirelessCommon\;C:\WINDOWS\system32;C:\WINDOWS;C:\WINDOWS\System32\Wbem;C:\WINDOWS\System32\WindowsPowerShell\v1.0\;C:\WINDOWS\System32\OpenSSH\;D:\node\;D:\node\node_modules;D:\node\node_modules\npm;D:\node\node_modules\npm\node_cache;D:\node\node_modules\npm\node_global_modules;F:\scala\bin;F:\hadoop-2.7.6\bin;F:\spark-2.4.0-bin-hadoop2.7\bin;F:\anaconda;F:\anaconda\Library\mingw-w64\bin;F:\anaconda\Library\usr\bin;F:\anaconda\Library\bin;F:\anaconda\Scripts;C:\Users\MX\AppData\Local\Microsoft\WindowsApps;C:\Program Files\Intel\WiFi\bin\;C:\Program Files\Common Files\Intel\WirelessCommon\;D:\JAVA\jdk\bin;D:\JAVA\jdk\jre\bin;D:\apache-maven-3.5.2\bin;
USERNAME=MX
OS=Windows_NT
PROCESSOR_IDENTIFIER=Intel64 Family 6 Model 158 Stepping 10, GenuineIntel



---------------  S Y S T E M  ---------------

OS: Windows 10.0 , 64 bit Build 17763 (10.0.17763.475)

CPU:total 12 (initial active 12) (6 cores per cpu, 2 threads per core) family 6 model 158 stepping 10, cmov, cx8, fxsr, mmx, sse, sse2, sse3, ssse3, sse4.1, sse4.2, popcnt, avx, avx2, aes, clmul, erms, 3dnowpref, lzcnt, ht, tsc, tscinvbit, bmi1, bmi2, adx

Memory: 4k page, physical 16628848k(3502548k free), swap 18726000k(5916k free)

vm_info: Java HotSpot(TM) 64-Bit Server VM (25.191-b12) for windows-amd64 JRE (1.8.0_191-b12), built on Oct  6 2018 09:29:03 by "java_re" with MS VC++ 10.0 (VS2010)

time: Sat Jun 29 22:42:34 2019
elapsed time: 0 seconds (0d 0h 0m 0s)

